#
# There is insufficient memory for the Java Runtime Environment to continue.
# Native memory allocation (malloc) failed to allocate 1014496 bytes for Chunk::new
# Possible reasons:
#   The system is out of physical RAM or swap space
#   In 32 bit mode, the process size limit was hit
# Possible solutions:
#   Reduce memory load on the system
#   Increase physical memory or swap space
#   Check if swap backing store is full
#   Use 64 bit Java on a 64 bit OS
#   Decrease Java heap size (-Xmx/-Xms)
#   Decrease number of Java threads
#   Decrease Java thread stack sizes (-Xss)
#   Set larger code cache with -XX:ReservedCodeCacheSize=
# This output file may be truncated or incomplete.
#
#  Out of Memory Error (allocation.cpp:390), pid=126848, tid=0x000000000001c154
#
# JRE version: OpenJDK Runtime Environment (8.0_152-b06) (build 1.8.0_152-release-1136-b06)
# Java VM: OpenJDK 64-Bit Server VM (25.152-b06 mixed mode windows-amd64 compressed oops)
# Failed to write core dump. Minidumps are not enabled by default on client versions of Windows
#

---------------  T H R E A D  ---------------

Current thread (0x0000000018193800):  JavaThread "C2 CompilerThread2" daemon [_thread_in_native, id=115028, stack(0x0000000018b40000,0x0000000018c40000)]

Stack: [0x0000000018b40000,0x0000000018c40000]
[error occurred during error reporting (printing stack bounds), id 0xc0000005]

Native frames: (J=compiled Java code, j=interpreted, Vv=VM code, C=native code)


Current CompileTask:
C2:  15590 7781       4       com.android.utils.XmlUtils::append (540 bytes)


---------------  P R O C E S S  ---------------

Java Threads: ( => current thread )
  0x000000001e5ca800 JavaThread "stdout" daemon [_thread_in_native, id=131896, stack(0x0000000026ff0000,0x00000000270f0000)]
  0x000000001e5cd000 JavaThread "stderr" daemon [_thread_in_native, id=122192, stack(0x0000000026ef0000,0x0000000026ff0000)]
  0x000000001e5c9000 JavaThread "stdout" daemon [_thread_in_native, id=131076, stack(0x0000000026df0000,0x0000000026ef0000)]
  0x000000001e5c5800 JavaThread "stderr" daemon [_thread_in_native, id=130128, stack(0x0000000026cf0000,0x0000000026df0000)]
  0x000000001e5c4000 JavaThread "stdout" daemon [_thread_in_native, id=108824, stack(0x0000000026bf0000,0x0000000026cf0000)]
  0x000000001e5c4800 JavaThread "stderr" daemon [_thread_in_native, id=112744, stack(0x0000000026af0000,0x0000000026bf0000)]
  0x000000001e5c8800 JavaThread "stdout" daemon [_thread_in_native, id=131736, stack(0x00000000269f0000,0x0000000026af0000)]
  0x000000001e5c7800 JavaThread "stderr" daemon [_thread_in_native, id=126864, stack(0x00000000268f0000,0x00000000269f0000)]
  0x0000000019230800 JavaThread "stdout" daemon [_thread_in_native, id=123204, stack(0x00000000265f0000,0x00000000266f0000)]
  0x0000000019232000 JavaThread "stderr" daemon [_thread_in_native, id=126828, stack(0x00000000264f0000,0x00000000265f0000)]
  0x0000000019231800 JavaThread "stdout" daemon [_thread_in_native, id=122060, stack(0x00000000263f0000,0x00000000264f0000)]
  0x0000000019233000 JavaThread "stderr" daemon [_thread_in_native, id=122840, stack(0x00000000262f0000,0x00000000263f0000)]
  0x0000000019230000 JavaThread "pool-3-thread-1" [_thread_blocked, id=125236, stack(0x0000000025ff0000,0x00000000260f0000)]
  0x000000001922d800 JavaThread "MarlinRenderer Disposer" daemon [_thread_blocked, id=128540, stack(0x0000000025ef0000,0x0000000025ff0000)]
  0x0000000019227800 JavaThread "Java2D Disposer" daemon [_thread_blocked, id=107464, stack(0x0000000025df0000,0x0000000025ef0000)]
  0x000000001922d000 JavaThread "ForkJoinPool.commonPool-worker-7" daemon [_thread_blocked, id=92240, stack(0x0000000025af0000,0x0000000025bf0000)]
  0x0000000019225800 JavaThread "ForkJoinPool.commonPool-worker-6" daemon [_thread_blocked, id=127240, stack(0x00000000259f0000,0x0000000025af0000)]
  0x0000000019227000 JavaThread "ForkJoinPool.commonPool-worker-5" daemon [_thread_blocked, id=124944, stack(0x00000000258f0000,0x00000000259f0000)]
  0x000000001922c000 JavaThread "ForkJoinPool.commonPool-worker-4" daemon [_thread_blocked, id=108596, stack(0x00000000257f0000,0x00000000258f0000)]
  0x0000000019226000 JavaThread "ForkJoinPool.commonPool-worker-3" daemon [_thread_blocked, id=119568, stack(0x00000000254f0000,0x00000000255f0000)]
  0x000000001922a800 JavaThread "ForkJoinPool.commonPool-worker-2" daemon [_thread_blocked, id=108808, stack(0x00000000253f0000,0x00000000254f0000)]
  0x000000001922a000 JavaThread "ForkJoinPool.commonPool-worker-1" daemon [_thread_blocked, id=125736, stack(0x00000000252f0000,0x00000000253f0000)]
  0x000000001e081800 JavaThread "Task worker for ':' Thread 7" [_thread_blocked, id=131352, stack(0x00000000251f0000,0x00000000252f0000)]
  0x000000001e081000 JavaThread "Task worker for ':' Thread 6" [_thread_blocked, id=131948, stack(0x00000000250f0000,0x00000000251f0000)]
  0x000000001e080000 JavaThread "Task worker for ':' Thread 5" [_thread_blocked, id=123316, stack(0x0000000024ff0000,0x00000000250f0000)]
  0x000000001e078800 JavaThread "Task worker for ':' Thread 4" [_thread_blocked, id=129608, stack(0x0000000024ef0000,0x0000000024ff0000)]
  0x000000001e07d000 JavaThread "Task worker for ':' Thread 3" [_thread_blocked, id=103824, stack(0x0000000024df0000,0x0000000024ef0000)]
  0x000000001e07f800 JavaThread "Task worker for ':' Thread 2" [_thread_blocked, id=129336, stack(0x0000000024cf0000,0x0000000024df0000)]
  0x000000001e07c800 JavaThread "Task worker for ':'" [_thread_blocked, id=108724, stack(0x0000000024bf0000,0x0000000024cf0000)]
  0x000000001e07b800 JavaThread "Cache worker for Build Output Cleanup Cache (C:\Users\Shubhada\AndroidStudioProjects\ShopGreen\.gradle\buildOutputCleanup)" [_thread_blocked, id=112616, stack(0x0000000024af0000,0x0000000024bf0000)]
  0x000000001e07e000 JavaThread "Cache worker for task history cache (C:\Users\Shubhada\AndroidStudioProjects\ShopGreen\.gradle\4.6\taskHistory)" [_thread_blocked, id=126800, stack(0x00000000249f0000,0x0000000024af0000)]
  0x000000001e079800 JavaThread "Memory manager" [_thread_blocked, id=131656, stack(0x0000000021950000,0x0000000021a50000)]
  0x000000001e077000 JavaThread "Build operations Thread 8" [_thread_blocked, id=123992, stack(0x0000000021250000,0x0000000021350000)]
  0x000000001ca5b800 JavaThread "Build operations Thread 7" [_thread_blocked, id=26240, stack(0x0000000021150000,0x0000000021250000)]
  0x000000001ca5b000 JavaThread "Build operations Thread 6" [_thread_blocked, id=125428, stack(0x0000000021050000,0x0000000021150000)]
  0x000000001ca5d000 JavaThread "Build operations Thread 5" [_thread_blocked, id=125380, stack(0x0000000020f50000,0x0000000021050000)]
  0x000000001ca59800 JavaThread "Build operations Thread 4" [_thread_blocked, id=120996, stack(0x0000000020e50000,0x0000000020f50000)]
  0x000000001ca5e000 JavaThread "Build operations Thread 3" [_thread_blocked, id=7088, stack(0x0000000020d50000,0x0000000020e50000)]
  0x000000001ca5f800 JavaThread "Build operations Thread 2" [_thread_blocked, id=131480, stack(0x0000000020c50000,0x0000000020d50000)]
  0x000000001ca5e800 JavaThread "Build operations" [_thread_blocked, id=122432, stack(0x0000000020b50000,0x0000000020c50000)]
  0x000000001ca5c800 JavaThread "Cache worker for Artifact transforms cache (C:\Users\Shubhada\.gradle\caches\transforms-1)" [_thread_blocked, id=121716, stack(0x0000000020850000,0x0000000020950000)]
  0x000000001a3bc000 JavaThread "Cache worker for file hash cache (C:\Users\Shubhada\AndroidStudioProjects\ShopGreen\.gradle\4.6\fileHashes)" [_thread_blocked, id=127072, stack(0x000000001cc60000,0x000000001cd60000)]
  0x000000001a25c000 JavaThread "File lock request listener" [_thread_in_native, id=127436, stack(0x000000001b990000,0x000000001ba90000)]
  0x000000001a1c5800 JavaThread "Cache worker for file hash cache (C:\Users\Shubhada\.gradle\caches\4.6\fileHashes)" [_thread_blocked, id=117888, stack(0x000000001b890000,0x000000001b990000)]
  0x000000001a1ca000 JavaThread "Stdin handler" [_thread_blocked, id=123180, stack(0x000000001b690000,0x000000001b790000)]
  0x000000001a1c7000 JavaThread "Asynchronous log dispatcher for DefaultDaemonConnection: socket connection from /127.0.0.1:50208 to /127.0.0.1:50209" [_thread_blocked, id=130512, stack(0x000000001b590000,0x000000001b690000)]
  0x000000001a1c3000 JavaThread "Daemon worker" [_thread_blocked, id=123716, stack(0x000000001b490000,0x000000001b590000)]
  0x000000001a1c2000 JavaThread "Cancel handler" [_thread_blocked, id=125016, stack(0x000000001b390000,0x000000001b490000)]
  0x000000001a0af800 JavaThread "Handler for socket connection from /127.0.0.1:50208 to /127.0.0.1:50209" [_thread_in_native, id=125528, stack(0x000000001b090000,0x000000001b190000)]
  0x000000001a0ac800 JavaThread "Daemon" [_thread_blocked, id=57860, stack(0x000000001af90000,0x000000001b090000)]
  0x0000000019fdc000 JavaThread "Daemon periodic checks" [_thread_blocked, id=127000, stack(0x000000001ae90000,0x000000001af90000)]
  0x0000000019e99800 JavaThread "Incoming local TCP Connector on port 50208" [_thread_in_native, id=105636, stack(0x000000001ac50000,0x000000001ad50000)]
  0x00000000181f8000 JavaThread "Service Thread" daemon [_thread_blocked, id=127416, stack(0x0000000018d40000,0x0000000018e40000)]
  0x00000000181b7800 JavaThread "C1 CompilerThread3" daemon [_thread_blocked, id=131864, stack(0x0000000018c40000,0x0000000018d40000)]
=>0x0000000018193800 JavaThread "C2 CompilerThread2" daemon [_thread_in_native, id=115028, stack(0x0000000018b40000,0x0000000018c40000)]
  0x000000001627c000 JavaThread "C2 CompilerThread1" daemon [_thread_in_native, id=129456, stack(0x0000000018a40000,0x0000000018b40000)]
  0x0000000018181000 JavaThread "C2 CompilerThread0" daemon [_thread_blocked, id=127264, stack(0x0000000018940000,0x0000000018a40000)]
  0x0000000018176800 JavaThread "Attach Listener" daemon [_thread_blocked, id=131252, stack(0x0000000018840000,0x0000000018940000)]
  0x0000000018186000 JavaThread "Signal Dispatcher" daemon [_thread_blocked, id=120972, stack(0x0000000018740000,0x0000000018840000)]
  0x00000000024ae800 JavaThread "Finalizer" daemon [_thread_blocked, id=127580, stack(0x0000000018550000,0x0000000018650000)]
  0x000000001626b800 JavaThread "Reference Handler" daemon [_thread_blocked, id=125784, stack(0x0000000018050000,0x0000000018150000)]
  0x00000000021ee000 JavaThread "main" [_thread_blocked, id=129112, stack(0x00000000022b0000,0x00000000023b0000)]

Other Threads:
  0x0000000016265000 VMThread [stack: 0x0000000017f50000,0x0000000018050000] [id=130900]
  0x0000000018222800 WatcherThread [stack: 0x0000000018e40000,0x0000000018f40000] [id=130992]

VM state:not at safepoint (normal execution)

VM Mutex/Monitor currently owned by a thread: None

Heap:
 PSYoungGen      total 154112K, used 48344K [0x00000000e0000000, 0x00000000eca00000, 0x0000000100000000)
  eden space 138240K, 34% used [0x00000000e0000000,0x00000000e2f361d8,0x00000000e8700000)
  from space 15872K, 0% used [0x00000000e8700000,0x00000000e8700000,0x00000000e9680000)
  to   space 16384K, 0% used [0x00000000eba00000,0x00000000eba00000,0x00000000eca00000)
 ParOldGen       total 139264K, used 43870K [0x00000000a0000000, 0x00000000a8800000, 0x00000000e0000000)
  object space 139264K, 31% used [0x00000000a0000000,0x00000000a2ad7a28,0x00000000a8800000)
 Metaspace       used 58959K, capacity 60498K, committed 60760K, reserved 1101824K
  class space    used 7892K, capacity 8266K, committed 8320K, reserved 1048576K

Card table byte_map: [0x0000000011870000,0x0000000011b80000] byte_map_base: 0x0000000011370000

Marking Bits: (ParMarkBitMap*) 0x0000000063265aa0
 Begin Bits: [0x0000000012580000, 0x0000000013d80000)
 End Bits:   [0x0000000013d80000, 0x0000000015580000)

Polling page: 0x00000000021c0000

CodeCache: size=245760Kb used=22841Kb max_used=22979Kb free=222918Kb
 bounds [0x00000000024b0000, 0x0000000003b40000, 0x00000000114b0000]
 total_blobs=7689 nmethods=6794 adapters=807
 compilation: enabled

Compilation events (10 events):
Event: 15.552 Thread 0x00000000181b7800 7788       3       java.lang.String::valueOf (14 bytes)
Event: 15.553 Thread 0x00000000181b7800 nmethod 7788 0x0000000003b1c5d0 code [0x0000000003b1c740, 0x0000000003b1c988]
Event: 15.579 Thread 0x00000000181b7800 7789       1       java.lang.StackTraceElement::getClassName (5 bytes)
Event: 15.579 Thread 0x00000000181b7800 nmethod 7789 0x0000000003adbd50 code [0x0000000003adbea0, 0x0000000003adbfb0]
Event: 15.580 Thread 0x00000000181b7800 7790       3       java.io.PrintWriter::ensureOpen (18 bytes)
Event: 15.580 Thread 0x00000000181b7800 nmethod 7790 0x0000000002603390 code [0x0000000002603500, 0x0000000002603748]
Event: 15.581 Thread 0x00000000181b7800 7791       3       java.io.StringWriter::write (10 bytes)
Event: 15.582 Thread 0x00000000181b7800 nmethod 7791 0x00000000026b7890 code [0x00000000026b7a00, 0x00000000026b7e08]
Event: 15.583 Thread 0x00000000181b7800 7792       3       sun.reflect.ClassFileAssembler::opc_dup (11 bytes)
Event: 15.583 Thread 0x00000000181b7800 nmethod 7792 0x0000000002865710 code [0x00000000028658a0, 0x0000000002865c08]

GC Heap History (10 events):
Event: 7.677 GC heap before
{Heap before GC invocations=12 (full 2):
 PSYoungGen      total 99840K, used 90624K [0x00000000e0000000, 0x00000000e8a80000, 0x0000000100000000)
  eden space 90624K, 100% used [0x00000000e0000000,0x00000000e5880000,0x00000000e5880000)
  from space 9216K, 0% used [0x00000000e5880000,0x00000000e5880000,0x00000000e6180000)
  to   space 10240K, 0% used [0x00000000e8080000,0x00000000e8080000,0x00000000e8a80000)
 ParOldGen       total 82944K, used 16609K [0x00000000a0000000, 0x00000000a5100000, 0x00000000e0000000)
  object space 82944K, 20% used [0x00000000a0000000,0x00000000a1038458,0x00000000a5100000)
 Metaspace       used 40304K, capacity 40910K, committed 41304K, reserved 1085440K
  class space    used 5416K, capacity 5637K, committed 5760K, reserved 1048576K
Event: 7.688 GC heap after
Heap after GC invocations=12 (full 2):
 PSYoungGen      total 123392K, used 10231K [0x00000000e0000000, 0x00000000e8a80000, 0x0000000100000000)
  eden space 113152K, 0% used [0x00000000e0000000,0x00000000e0000000,0x00000000e6e80000)
  from space 10240K, 99% used [0x00000000e8080000,0x00000000e8a7df00,0x00000000e8a80000)
  to   space 11776K, 0% used [0x00000000e7380000,0x00000000e7380000,0x00000000e7f00000)
 ParOldGen       total 82944K, used 17369K [0x00000000a0000000, 0x00000000a5100000, 0x00000000e0000000)
  object space 82944K, 20% used [0x00000000a0000000,0x00000000a10f65c0,0x00000000a5100000)
 Metaspace       used 40304K, capacity 40910K, committed 41304K, reserved 1085440K
  class space    used 5416K, capacity 5637K, committed 5760K, reserved 1048576K
}
Event: 9.565 GC heap before
{Heap before GC invocations=13 (full 2):
 PSYoungGen      total 123392K, used 123383K [0x00000000e0000000, 0x00000000e8a80000, 0x0000000100000000)
  eden space 113152K, 100% used [0x00000000e0000000,0x00000000e6e80000,0x00000000e6e80000)
  from space 10240K, 99% used [0x00000000e8080000,0x00000000e8a7df00,0x00000000e8a80000)
  to   space 11776K, 0% used [0x00000000e7380000,0x00000000e7380000,0x00000000e7f00000)
 ParOldGen       total 82944K, used 17369K [0x00000000a0000000, 0x00000000a5100000, 0x00000000e0000000)
  object space 82944K, 20% used [0x00000000a0000000,0x00000000a10f65c0,0x00000000a5100000)
 Metaspace       used 50069K, capacity 51168K, committed 51416K, reserved 1093632K
  class space    used 6736K, capacity 7043K, committed 7168K, reserved 1048576K
Event: 9.591 GC heap after
Heap after GC invocations=13 (full 2):
 PSYoungGen      total 130048K, used 11641K [0x00000000e0000000, 0x00000000ea300000, 0x0000000100000000)
  eden space 118272K, 0% used [0x00000000e0000000,0x00000000e0000000,0x00000000e7380000)
  from space 11776K, 98% used [0x00000000e7380000,0x00000000e7ede690,0x00000000e7f00000)
  to   space 12800K, 0% used [0x00000000e9680000,0x00000000e9680000,0x00000000ea300000)
 ParOldGen       total 82944K, used 23737K [0x00000000a0000000, 0x00000000a5100000, 0x00000000e0000000)
  object space 82944K, 28% used [0x00000000a0000000,0x00000000a172e4c8,0x00000000a5100000)
 Metaspace       used 50069K, capacity 51168K, committed 51416K, reserved 1093632K
  class space    used 6736K, capacity 7043K, committed 7168K, reserved 1048576K
}
Event: 12.915 GC heap before
{Heap before GC invocations=14 (full 2):
 PSYoungGen      total 130048K, used 129913K [0x00000000e0000000, 0x00000000ea300000, 0x0000000100000000)
  eden space 118272K, 100% used [0x00000000e0000000,0x00000000e7380000,0x00000000e7380000)
  from space 11776K, 98% used [0x00000000e7380000,0x00000000e7ede690,0x00000000e7f00000)
  to   space 12800K, 0% used [0x00000000e9680000,0x00000000e9680000,0x00000000ea300000)
 ParOldGen       total 82944K, used 23737K [0x00000000a0000000, 0x00000000a5100000, 0x00000000e0000000)
  object space 82944K, 28% used [0x00000000a0000000,0x00000000a172e4c8,0x00000000a5100000)
 Metaspace       used 56056K, capacity 57620K, committed 57944K, reserved 1099776K
  class space    used 7601K, capacity 7971K, committed 8064K, reserved 1048576K
Event: 12.934 GC heap after
Heap after GC invocations=14 (full 2):
 PSYoungGen      total 151040K, used 12775K [0x00000000e0000000, 0x00000000eac80000, 0x0000000100000000)
  eden space 138240K, 0% used [0x00000000e0000000,0x00000000e0000000,0x00000000e8700000)
  from space 12800K, 99% used [0x00000000e9680000,0x00000000ea2f9d28,0x00000000ea300000)
  to   space 15872K, 0% used [0x00000000e8700000,0x00000000e8700000,0x00000000e9680000)
 ParOldGen       total 82944K, used 27979K [0x00000000a0000000, 0x00000000a5100000, 0x00000000e0000000)
  object space 82944K, 33% used [0x00000000a0000000,0x00000000a1b52dc0,0x00000000a5100000)
 Metaspace       used 56056K, capacity 57620K, committed 57944K, reserved 1099776K
  class space    used 7601K, capacity 7971K, committed 8064K, reserved 1048576K
}
Event: 13.778 GC heap before
{Heap before GC invocations=15 (full 2):
 PSYoungGen      total 151040K, used 68643K [0x00000000e0000000, 0x00000000eac80000, 0x0000000100000000)
  eden space 138240K, 40% used [0x00000000e0000000,0x00000000e368f070,0x00000000e8700000)
  from space 12800K, 99% used [0x00000000e9680000,0x00000000ea2f9d28,0x00000000ea300000)
  to   space 15872K, 0% used [0x00000000e8700000,0x00000000e8700000,0x00000000e9680000)
 ParOldGen       total 82944K, used 27979K [0x00000000a0000000, 0x00000000a5100000, 0x00000000e0000000)
  object space 82944K, 33% used [0x00000000a0000000,0x00000000a1b52dc0,0x00000000a5100000)
 Metaspace       used 57271K, capacity 58838K, committed 59028K, reserved 1099776K
  class space    used 7697K, capacity 8100K, committed 8192K, reserved 1048576K
Event: 13.800 GC heap after
Heap after GC invocations=15 (full 2):
 PSYoungGen      total 154112K, used 12043K [0x00000000e0000000, 0x00000000eca00000, 0x0000000100000000)
  eden space 138240K, 0% used [0x00000000e0000000,0x00000000e0000000,0x00000000e8700000)
  from space 15872K, 75% used [0x00000000e8700000,0x00000000e92c2f78,0x00000000e9680000)
  to   space 16384K, 0% used [0x00000000eba00000,0x00000000eba00000,0x00000000eca00000)
 ParOldGen       total 82944K, used 40673K [0x00000000a0000000, 0x00000000a5100000, 0x00000000e0000000)
  object space 82944K, 49% used [0x00000000a0000000,0x00000000a27b87b8,0x00000000a5100000)
 Metaspace       used 57271K, capacity 58838K, committed 59028K, reserved 1099776K
  class space    used 7697K, capacity 8100K, committed 8192K, reserved 1048576K
}
Event: 13.800 GC heap before
{Heap before GC invocations=16 (full 3):
 PSYoungGen      total 154112K, used 12043K [0x00000000e0000000, 0x00000000eca00000, 0x0000000100000000)
  eden space 138240K, 0% used [0x00000000e0000000,0x00000000e0000000,0x00000000e8700000)
  from space 15872K, 75% used [0x00000000e8700000,0x00000000e92c2f78,0x00000000e9680000)
  to   space 16384K, 0% used [0x00000000eba00000,0x00000000eba00000,0x00000000eca00000)
 ParOldGen       total 82944K, used 40673K [0x00000000a0000000, 0x00000000a5100000, 0x00000000e0000000)
  object space 82944K, 49% used [0x00000000a0000000,0x00000000a27b87b8,0x00000000a5100000)
 Metaspace       used 57271K, capacity 58838K, committed 59028K, reserved 1099776K
  class space    used 7697K, capacity 8100K, committed 8192K, reserved 1048576K
Event: 14.062 GC heap after
Heap after GC invocations=16 (full 3):
 PSYoungGen      total 154112K, used 0K [0x00000000e0000000, 0x00000000eca00000, 0x0000000100000000)
  eden space 138240K, 0% used [0x00000000e0000000,0x00000000e0000000,0x00000000e8700000)
  from space 15872K, 0% used [0x00000000e8700000,0x00000000e8700000,0x00000000e9680000)
  to   space 16384K, 0% used [0x00000000eba00000,0x00000000eba00000,0x00000000eca00000)
 ParOldGen       total 139264K, used 43870K [0x00000000a0000000, 0x00000000a8800000, 0x00000000e0000000)
  object space 139264K, 31% used [0x00000000a0000000,0x00000000a2ad7a28,0x00000000a8800000)
 Metaspace       used 57271K, capacity 58838K, committed 59028K, reserved 1099776K
  class space    used 7697K, capacity 8100K, committed 8192K, reserved 1048576K
}

Deoptimization events (10 events):
Event: 15.351 Thread 0x000000001e07c800 Uncommon trap: reason=class_check action=maybe_recompile pc=0x0000000003aa438c method=com.android.utils.XmlUtils.append(Lcom/android/utils/XmlUtils$PositionAwareStringBuilder;Lorg/w3c/dom/Node;Ljava/util/Map;)V @ 222
Event: 15.351 Thread 0x000000001e07c800 Uncommon trap: reason=class_check action=maybe_recompile pc=0x0000000003aa438c method=com.android.utils.XmlUtils.append(Lcom/android/utils/XmlUtils$PositionAwareStringBuilder;Lorg/w3c/dom/Node;Ljava/util/Map;)V @ 222
Event: 15.351 Thread 0x000000001e07c800 Uncommon trap: reason=unstable_if action=reinterpret pc=0x0000000002860038 method=com.android.utils.XmlUtils.toXmlAttributeValue(Ljava/lang/String;)Ljava/lang/String; @ 33
Event: 15.351 Thread 0x000000001e07c800 Uncommon trap: reason=class_check action=maybe_recompile pc=0x0000000003aa438c method=com.android.utils.XmlUtils.append(Lcom/android/utils/XmlUtils$PositionAwareStringBuilder;Lorg/w3c/dom/Node;Ljava/util/Map;)V @ 222
Event: 15.351 Thread 0x000000001e07c800 Uncommon trap: reason=class_check action=maybe_recompile pc=0x0000000003aa438c method=com.android.utils.XmlUtils.append(Lcom/android/utils/XmlUtils$PositionAwareStringBuilder;Lorg/w3c/dom/Node;Ljava/util/Map;)V @ 222
Event: 15.399 Thread 0x000000001e07c800 Uncommon trap: reason=unstable_if action=reinterpret pc=0x0000000003ab1454 method=sun.nio.cs.UTF_8$Encoder.encodeArrayLoop(Ljava/nio/CharBuffer;Ljava/nio/ByteBuffer;)Ljava/nio/charset/CoderResult; @ 175
Event: 15.546 Thread 0x000000001922a000 Uncommon trap: reason=class_check action=maybe_recompile pc=0x0000000002d4e480 method=java.lang.Throwable.<init>(Ljava/lang/String;Ljava/lang/Throwable;)V @ 24
Event: 15.546 Thread 0x0000000019226000 Uncommon trap: reason=class_check action=maybe_recompile pc=0x0000000002d4e480 method=java.lang.Throwable.<init>(Ljava/lang/String;Ljava/lang/Throwable;)V @ 24
Event: 15.548 Thread 0x000000001922a000 Uncommon trap: reason=class_check action=maybe_recompile pc=0x0000000002d4e480 method=java.lang.Throwable.<init>(Ljava/lang/String;Ljava/lang/Throwable;)V @ 24
Event: 15.549 Thread 0x0000000019226000 Uncommon trap: reason=class_check action=maybe_recompile pc=0x0000000002d4e480 method=java.lang.Throwable.<init>(Ljava/lang/String;Ljava/lang/Throwable;)V @ 24

Classes redefined (0 events):
No events

Internal exceptions (10 events):
Event: 12.297 Thread 0x000000001e07c800 Exception <a 'java/lang/NoSuchMethodError': <clinit>> (0x00000000e5d413e0) thrown at [D:\src\AOSP-openjdk-cygwin\jdk8u\hotspot\src\share\vm\prims\jni.cpp, line 1613]
Event: 12.306 Thread 0x000000001e07c800 Exception <a 'sun/nio/fs/WindowsException'> (0x00000000e5d4b678) thrown at [D:\src\AOSP-openjdk-cygwin\jdk8u\hotspot\src\share\vm\prims\jni.cpp, line 709]
Event: 12.392 Thread 0x000000001e07c800 Implicit null exception at 0x0000000003101b64 to 0x0000000003101eda
Event: 13.623 Thread 0x000000001e07c800 Implicit null exception at 0x000000000392f844 to 0x0000000003930d19
Event: 13.765 Thread 0x0000000019227000 Exception <a 'java/io/FileNotFoundException'> (0x00000000e3476f88) thrown at [D:\src\AOSP-openjdk-cygwin\jdk8u\hotspot\src\share\vm\prims\jni.cpp, line 709]
Event: 14.087 Thread 0x0000000019227000 Exception <a 'java/io/FileNotFoundException'> (0x00000000e000e560) thrown at [D:\src\AOSP-openjdk-cygwin\jdk8u\hotspot\src\share\vm\prims\jni.cpp, line 709]
Event: 14.582 Thread 0x000000001e07c800 Implicit null exception at 0x0000000003a6515b to 0x0000000003a667e1
Event: 15.548 Thread 0x000000001922a000 Exception <a 'java/io/IOException'> (0x00000000e2cae620) thrown at [D:\src\AOSP-openjdk-cygwin\jdk8u\hotspot\src\share\vm\prims\jni.cpp, line 709]
Event: 15.549 Thread 0x0000000019226000 Exception <a 'java/io/IOException'> (0x00000000e284bc48) thrown at [D:\src\AOSP-openjdk-cygwin\jdk8u\hotspot\src\share\vm\prims\jni.cpp, line 709]
Event: 15.550 Thread 0x000000001e07c800 Exception <a 'java/lang/reflect/InvocationTargetException'> (0x00000000e2ced380) thrown at [D:\src\AOSP-openjdk-cygwin\jdk8u\hotspot\src\share\vm\runtime\reflection.cpp, line 1092]

Events (10 events):
Event: 15.581 Thread 0x00000000181b7800 flushing nmethod 0x000000000270ec50
Event: 15.581 Thread 0x00000000181b7800 flushing nmethod 0x0000000002715290
Event: 15.581 Thread 0x00000000181b7800 flushing nmethod 0x000000000271ba90
Event: 15.581 Thread 0x00000000181b7800 flushing nmethod 0x0000000002743e50
Event: 15.581 Thread 0x00000000181b7800 flushing nmethod 0x000000000274e610
Event: 15.582 Thread 0x00000000181b7800 flushing nmethod 0x000000000283ba50
Event: 15.582 Thread 0x00000000181b7800 flushing nmethod 0x000000000284db50
Event: 15.582 Thread 0x00000000181b7800 flushing nmethod 0x0000000002865710
Event: 15.584 Thread 0x00000000181b7800 flushing nmethod 0x00000000028b22d0
Event: 15.584 Thread 0x00000000181b7800 flushing nmethod 0x00000000028e5290


Dynamic libraries:
0x00007ff72d9a0000 - 0x00007ff72d9d1000 	C:\Program Files\Android\Android Studio\jre\bin\java.exe
0x00007fffee900000 - 0x00007fffeeae1000 	C:\windows\SYSTEM32\ntdll.dll
0x00007fffed240000 - 0x00007fffed2f2000 	C:\windows\System32\KERNEL32.DLL
0x00007fffeafb0000 - 0x00007fffeb223000 	C:\windows\System32\KERNELBASE.dll
0x00007fffec790000 - 0x00007fffec831000 	C:\windows\System32\ADVAPI32.dll
0x00007fffecac0000 - 0x00007fffecb5e000 	C:\windows\System32\msvcrt.dll
0x00007fffec180000 - 0x00007fffec1db000 	C:\windows\System32\sechost.dll
0x00007fffebf80000 - 0x00007fffec0a4000 	C:\windows\System32\RPCRT4.dll
0x00007fffebdc0000 - 0x00007fffebf50000 	C:\windows\System32\USER32.dll
0x00007fffebad0000 - 0x00007fffebaf0000 	C:\windows\System32\win32u.dll
0x00007fffebd90000 - 0x00007fffebdb8000 	C:\windows\System32\GDI32.dll
0x00007fffebaf0000 - 0x00007fffebc82000 	C:\windows\System32\gdi32full.dll
0x00007fffeaf10000 - 0x00007fffeafaf000 	C:\windows\System32\msvcp_win.dll
0x00007fffebc90000 - 0x00007fffebd8a000 	C:\windows\System32\ucrtbase.dll
0x00007fffdb9c0000 - 0x00007fffdbc29000 	C:\windows\WinSxS\amd64_microsoft.windows.common-controls_6595b64144ccf1df_6.0.17134.345_none_fb429a5930656358\COMCTL32.dll
0x00007fffecc10000 - 0x00007fffecf33000 	C:\windows\System32\combase.dll
0x00007fffeb940000 - 0x00007fffeb9ba000 	C:\windows\System32\bcryptPrimitives.dll
0x00007fffebf50000 - 0x00007fffebf7d000 	C:\windows\System32\IMM32.DLL
0x0000000064df0000 - 0x0000000064ec2000 	C:\Program Files\Android\Android Studio\jre\jre\bin\msvcr100.dll
0x0000000062aa0000 - 0x00000000632e1000 	C:\Program Files\Android\Android Studio\jre\jre\bin\server\jvm.dll
0x00007fffec0b0000 - 0x00007fffec0b8000 	C:\windows\System32\PSAPI.DLL
0x00007fffe83d0000 - 0x00007fffe83f3000 	C:\windows\SYSTEM32\WINMM.dll
0x00007fffe59f0000 - 0x00007fffe59fa000 	C:\windows\SYSTEM32\VERSION.dll
0x00007fffe9770000 - 0x00007fffe9779000 	C:\windows\SYSTEM32\WSOCK32.dll
0x00007fffec1e0000 - 0x00007fffec24c000 	C:\windows\System32\WS2_32.dll
0x00007fffe8320000 - 0x00007fffe834a000 	C:\windows\SYSTEM32\winmmbase.dll
0x00007fffeaec0000 - 0x00007fffeaf09000 	C:\windows\System32\cfgmgr32.dll
0x00007fffe9760000 - 0x00007fffe976f000 	C:\Program Files\Android\Android Studio\jre\jre\bin\verify.dll
0x00007fffe2d90000 - 0x00007fffe2db9000 	C:\Program Files\Android\Android Studio\jre\jre\bin\java.dll
0x00007fffe93f0000 - 0x00007fffe9406000 	C:\Program Files\Android\Android Studio\jre\jre\bin\zip.dll
0x00007fffed480000 - 0x00007fffee8bf000 	C:\windows\System32\SHELL32.dll
0x00007fffed300000 - 0x00007fffed3a9000 	C:\windows\System32\shcore.dll
0x00007fffeb230000 - 0x00007fffeb93d000 	C:\windows\System32\windows.storage.dll
0x00007fffec8c0000 - 0x00007fffec911000 	C:\windows\System32\shlwapi.dll
0x00007fffeac90000 - 0x00007fffeaca1000 	C:\windows\System32\kernel.appcore.dll
0x00007fffeac70000 - 0x00007fffeac8f000 	C:\windows\System32\profapi.dll
0x00007fffeac20000 - 0x00007fffeac6c000 	C:\windows\System32\powrprof.dll
0x00007fffeac10000 - 0x00007fffeac1a000 	C:\windows\System32\FLTLIB.DLL
0x00007fffe4650000 - 0x00007fffe466a000 	C:\Program Files\Android\Android Studio\jre\jre\bin\net.dll
0x00007fffea0d0000 - 0x00007fffea136000 	C:\windows\system32\mswsock.dll
0x00007fffe3320000 - 0x00007fffe3331000 	C:\Program Files\Android\Android Studio\jre\jre\bin\nio.dll
0x00007fffdc7d0000 - 0x00007fffdc7ee000 	C:\Users\Shubhada\.gradle\native\25\windows-amd64\native-platform.dll
0x00007fffe8400000 - 0x00007fffe840d000 	C:\Program Files\Android\Android Studio\jre\jre\bin\management.dll
0x00007fffea930000 - 0x00007fffea947000 	C:\windows\SYSTEM32\CRYPTSP.dll
0x00007fffe9cb0000 - 0x00007fffe9ce3000 	C:\windows\system32\rsaenh.dll
0x00007fffea720000 - 0x00007fffea745000 	C:\windows\SYSTEM32\bcrypt.dll
0x00007fffeab40000 - 0x00007fffeab68000 	C:\windows\SYSTEM32\USERENV.dll
0x00007fffea920000 - 0x00007fffea92b000 	C:\windows\SYSTEM32\CRYPTBASE.dll
0x00007fffe9e50000 - 0x00007fffe9e88000 	C:\windows\SYSTEM32\IPHLPAPI.DLL
0x00007fffecc00000 - 0x00007fffecc08000 	C:\windows\System32\NSI.dll
0x00007fffe1e30000 - 0x00007fffe1e46000 	C:\windows\SYSTEM32\dhcpcsvc6.DLL
0x00007fffe3bd0000 - 0x00007fffe3bea000 	C:\windows\SYSTEM32\dhcpcsvc.DLL
0x00007fffc0a10000 - 0x00007fffc0ba7000 	C:\Program Files\Android\Android Studio\jre\jre\bin\awt.dll
0x00007fffed3b0000 - 0x00007fffed472000 	C:\windows\System32\OLEAUT32.dll
0x00007fffe7650000 - 0x00007fffe7c17000 	C:\windows\SYSTEM32\d2d1.dll
0x00007fffe85b0000 - 0x00007fffe863b000 	C:\windows\SYSTEM32\apphelp.dll
0x00007fffe8c90000 - 0x00007fffe8cb9000 	C:\windows\system32\DWMAPI.DLL
0x00007fffe8950000 - 0x00007fffe89e8000 	C:\windows\system32\uxtheme.dll

VM Arguments:
jvm_args: -Xmx1536m -Dfile.encoding=windows-1252 -Duser.country=US -Duser.language=en -Duser.variant 
java_command: org.gradle.launcher.daemon.bootstrap.GradleDaemon 4.6
java_class_path (initial): C:\Users\Shubhada\.gradle\wrapper\dists\gradle-4.6-all\bcst21l2brirad8k2ben1letg\gradle-4.6\lib\gradle-launcher-4.6.jar
Launcher Type: SUN_STANDARD

Environment Variables:
PATH=C:\Program Files (x86)\Common Files\Oracle\Java\javapath;C:\windows\system32;C:\windows;C:\windows\System32\Wbem;C:\windows\System32\WindowsPowerShell\v1.0\;C:\windows\System32\OpenSSH\;C:\sqlite32;C:\Program Files\Git\cmd;%0java%\bin;C:\Users\Shubhada\AppData\Local\Microsoft\WindowsApps;
USERNAME=Shubhada
OS=Windows_NT
PROCESSOR_IDENTIFIER=AMD64 Family 23 Model 17 Stepping 0, AuthenticAMD



---------------  S Y S T E M  ---------------

OS: Windows 10.0 , 64 bit Build 17134 (10.0.17134.1)

CPU:total 8 (initial active 8) (8 cores per cpu, 1 threads per core) family 23 model 17 stepping 0, cmov, cx8, fxsr, mmx, sse, sse2, sse3, ssse3, sse4.1, sse4.2, popcnt, avx, avx2, aes, clmul, mmxext, 3dnowpref, lzcnt, sse4a, tsc, tscinvbit, tscinv, bmi1

Memory: 4k page, physical 7294768k(436152k free), swap 29314864k(4504k free)

vm_info: OpenJDK 64-Bit Server VM (25.152-b06) for windows-amd64 JRE (1.8.0_152-release-1136-b06), built by "builder" with MS VC++ 10.0 (VS2010)

time: Wed Nov 07 12:54:28 2018
elapsed time: 15 seconds (0d 0h 0m 15s)

