#
# There is insufficient memory for the Java Runtime Environment to continue.
# Native memory allocation (malloc) failed to allocate 348336 bytes for Chunk::new
# Possible reasons:
#   The system is out of physical RAM or swap space
#   In 32 bit mode, the process size limit was hit
# Possible solutions:
#   Reduce memory load on the system
#   Increase physical memory or swap space
#   Check if swap backing store is full
#   Use 64 bit Java on a 64 bit OS
#   Decrease Java heap size (-Xmx/-Xms)
#   Decrease number of Java threads
#   Decrease Java thread stack sizes (-Xss)
#   Set larger code cache with -XX:ReservedCodeCacheSize=
# This output file may be truncated or incomplete.
#
#  Out of Memory Error (allocation.cpp:390), pid=111840, tid=0x000000000001fff8
#
# JRE version: OpenJDK Runtime Environment (8.0_152-b06) (build 1.8.0_152-release-1136-b06)
# Java VM: OpenJDK 64-Bit Server VM (25.152-b06 mixed mode windows-amd64 compressed oops)
# Failed to write core dump. Minidumps are not enabled by default on client versions of Windows
#

---------------  T H R E A D  ---------------

Current thread (0x0000000018f12800):  JavaThread "C2 CompilerThread1" daemon [_thread_in_native, id=131064, stack(0x00000000197d0000,0x00000000198d0000)]

Stack: [0x00000000197d0000,0x00000000198d0000]
[error occurred during error reporting (printing stack bounds), id 0xc0000005]

Native frames: (J=compiled Java code, j=interpreted, Vv=VM code, C=native code)


Current CompileTask:
C2:  96413 8905 %     4       java.beans.Introspector::getTargetMethodInfo @ 176 (252 bytes)


---------------  P R O C E S S  ---------------

Java Threads: ( => current thread )
  0x0000000018f31800 JavaThread "Build operations Thread 8" [_thread_blocked, id=129056, stack(0x0000000026eb0000,0x0000000026fb0000)]
  0x0000000018f30800 JavaThread "Build operations Thread 7" [_thread_blocked, id=129080, stack(0x0000000026db0000,0x0000000026eb0000)]
  0x0000000018f2f000 JavaThread "Build operations Thread 6" [_thread_blocked, id=121296, stack(0x0000000026cb0000,0x0000000026db0000)]
  0x0000000018f35000 JavaThread "Build operations Thread 5" [_thread_blocked, id=118304, stack(0x0000000026bb0000,0x0000000026cb0000)]
  0x0000000018f34800 JavaThread "Build operations Thread 4" [_thread_blocked, id=119008, stack(0x0000000026ab0000,0x0000000026bb0000)]
  0x000000001ca3b800 JavaThread "Build operations Thread 3" [_thread_blocked, id=126656, stack(0x00000000269b0000,0x0000000026ab0000)]
  0x000000001ca3a800 JavaThread "Build operations Thread 2" [_thread_blocked, id=129204, stack(0x00000000268b0000,0x00000000269b0000)]
  0x000000001ca3a000 JavaThread "Build operations" [_thread_blocked, id=92648, stack(0x00000000267b0000,0x00000000268b0000)]
  0x000000001ca39000 JavaThread "Cache worker for Artifact transforms cache (C:\Users\Shubhada\.gradle\caches\transforms-1)" [_thread_blocked, id=126292, stack(0x00000000266b0000,0x00000000267b0000)]
  0x000000001ca38800 JavaThread "Cache worker for file hash cache (C:\Users\Shubhada\AndroidStudioProjects\ShopGreen\.gradle\4.6\fileHashes)" [_thread_blocked, id=130292, stack(0x00000000265b0000,0x00000000266b0000)]
  0x000000001ca37800 JavaThread "Stdin handler" [_thread_blocked, id=128728, stack(0x00000000264b0000,0x00000000265b0000)]
  0x000000001ca2c800 JavaThread "Asynchronous log dispatcher for DefaultDaemonConnection: socket connection from /127.0.0.1:49430 to /127.0.0.1:49570" [_thread_blocked, id=121004, stack(0x00000000263b0000,0x00000000264b0000)]
  0x000000001ca33000 JavaThread "Daemon worker Thread 2" [_thread_in_Java, id=123184, stack(0x00000000262b0000,0x00000000263b0000)]
  0x000000001ca31000 JavaThread "Cancel handler" [_thread_blocked, id=132092, stack(0x00000000261b0000,0x00000000262b0000)]
  0x000000001ca31800 JavaThread "Handler for socket connection from /127.0.0.1:49430 to /127.0.0.1:49570" [_thread_in_native, id=131832, stack(0x00000000260b0000,0x00000000261b0000)]
  0x000000001ca30000 JavaThread "Daemon Thread 2" [_thread_blocked, id=115704, stack(0x0000000025fb0000,0x00000000260b0000)]
  0x000000001ca37000 JavaThread "pool-1-thread-1" [_thread_blocked, id=130948, stack(0x0000000024c90000,0x0000000024d90000)]
  0x000000001ca2d000 JavaThread "Memory manager" [_thread_blocked, id=130084, stack(0x0000000021610000,0x0000000021710000)]
  0x000000001b2d9000 JavaThread "File lock request listener" [_thread_in_native, id=132076, stack(0x000000001c920000,0x000000001ca20000)]
  0x000000001af60000 JavaThread "Cache worker for file hash cache (C:\Users\Shubhada\.gradle\caches\4.6\fileHashes)" [_thread_blocked, id=128644, stack(0x000000001c820000,0x000000001c920000)]
  0x000000001adae800 JavaThread "Daemon periodic checks" [_thread_blocked, id=131732, stack(0x000000001bc20000,0x000000001bd20000)]
  0x000000001ac56800 JavaThread "Incoming local TCP Connector on port 49430" [_thread_in_native, id=128012, stack(0x000000001b9e0000,0x000000001bae0000)]
  0x0000000018f71000 JavaThread "Service Thread" daemon [_thread_blocked, id=130376, stack(0x0000000019ad0000,0x0000000019bd0000)]
  0x0000000018f30000 JavaThread "C1 CompilerThread3" daemon [_thread_blocked, id=129556, stack(0x00000000199d0000,0x0000000019ad0000)]
  0x0000000018f1f800 JavaThread "C2 CompilerThread2" daemon [_thread_in_native, id=131144, stack(0x00000000198d0000,0x00000000199d0000)]
=>0x0000000018f12800 JavaThread "C2 CompilerThread1" daemon [_thread_in_native, id=131064, stack(0x00000000197d0000,0x00000000198d0000)]
  0x0000000018f0f800 JavaThread "C2 CompilerThread0" daemon [_thread_in_native, id=118748, stack(0x00000000196d0000,0x00000000197d0000)]
  0x0000000018f0c000 JavaThread "Attach Listener" daemon [_thread_blocked, id=127756, stack(0x00000000195d0000,0x00000000196d0000)]
  0x0000000018f0b000 JavaThread "Signal Dispatcher" daemon [_thread_blocked, id=119352, stack(0x00000000194d0000,0x00000000195d0000)]
  0x000000000323e000 JavaThread "Finalizer" daemon [_thread_blocked, id=130444, stack(0x00000000192e0000,0x00000000193e0000)]
  0x0000000003237000 JavaThread "Reference Handler" daemon [_thread_blocked, id=126280, stack(0x0000000018de0000,0x0000000018ee0000)]
  0x000000000313e000 JavaThread "main" [_thread_blocked, id=122020, stack(0x0000000002fc0000,0x00000000030c0000)]

Other Threads:
  0x0000000016ff5000 VMThread [stack: 0x0000000018ce0000,0x0000000018de0000] [id=130616]
  0x0000000018f71800 WatcherThread [stack: 0x0000000019bd0000,0x0000000019cd0000] [id=129288]

VM state:not at safepoint (normal execution)

VM Mutex/Monitor currently owned by a thread: None

Heap:
 PSYoungGen      total 192512K, used 190291K [0x00000000e0000000, 0x00000000ee180000, 0x0000000100000000)
  eden space 179200K, 98% used [0x00000000e0000000,0x00000000ead02018,0x00000000eaf00000)
  from space 13312K, 98% used [0x00000000ed480000,0x00000000ee152c70,0x00000000ee180000)
  to   space 19968K, 0% used [0x00000000eba80000,0x00000000eba80000,0x00000000ece00000)
 ParOldGen       total 134144K, used 44616K [0x00000000a0000000, 0x00000000a8300000, 0x00000000e0000000)
  object space 134144K, 33% used [0x00000000a0000000,0x00000000a2b920e0,0x00000000a8300000)
 Metaspace       used 76954K, capacity 80058K, committed 80128K, reserved 1118208K
  class space    used 10272K, capacity 10989K, committed 11008K, reserved 1048576K

Card table byte_map: [0x0000000012600000,0x0000000012910000] byte_map_base: 0x0000000012100000

Marking Bits: (ParMarkBitMap*) 0x0000000063265aa0
 Begin Bits: [0x0000000013310000, 0x0000000014b10000)
 End Bits:   [0x0000000014b10000, 0x0000000016310000)

Polling page: 0x0000000001740000

CodeCache: size=245760Kb used=26323Kb max_used=26355Kb free=219436Kb
 bounds [0x0000000003240000, 0x0000000004c20000, 0x0000000012240000]
 total_blobs=8590 nmethods=7788 adapters=715
 compilation: enabled

Compilation events (10 events):
Event: 96.358 Thread 0x0000000018f12800 nmethod 8894 0x000000000379d310 code [0x000000000379d460, 0x000000000379d568]
Event: 96.358 Thread 0x0000000018f12800 8905 %     4       java.beans.Introspector::getTargetMethodInfo @ 176 (252 bytes)
Event: 96.359 Thread 0x0000000018f30000 8909       3       org.gradle.api.internal.plugins.ExtensionsStorage::hasExtension (11 bytes)
Event: 96.360 Thread 0x0000000018f30000 nmethod 8909 0x0000000003a10b50 code [0x0000000003a10cc0, 0x0000000003a10ee8]
Event: 96.378 Thread 0x0000000018f30000 8910       3       org.codehaus.groovy.reflection.CachedMethod::getConstructor (14 bytes)
Event: 96.379 Thread 0x0000000018f30000 nmethod 8910 0x0000000003636150 code [0x00000000036362c0, 0x00000000036366b0]
Event: 96.380 Thread 0x0000000018f30000 8911   !   3       org.codehaus.groovy.reflection.CachedConstructor::<init> (53 bytes)
Event: 96.381 Thread 0x0000000018f30000 nmethod 8911 0x0000000003c6ff90 code [0x0000000003c70140, 0x0000000003c70868]
Event: 96.382 Thread 0x0000000018f30000 8912       3       org.codehaus.groovy.reflection.CachedConstructor$1::<init> (15 bytes)
Event: 96.382 Thread 0x0000000018f30000 nmethod 8912 0x0000000003c6fbd0 code [0x0000000003c6fd20, 0x0000000003c6fef0]

GC Heap History (10 events):
Event: 9.978 GC heap before
{Heap before GC invocations=13 (full 2):
 PSYoungGen      total 128512K, used 128138K [0x00000000e0000000, 0x00000000e9000000, 0x0000000100000000)
  eden space 117760K, 100% used [0x00000000e0000000,0x00000000e7300000,0x00000000e7300000)
  from space 10752K, 96% used [0x00000000e8580000,0x00000000e8fa2ae8,0x00000000e9000000)
  to   space 12288K, 0% used [0x00000000e7800000,0x00000000e7800000,0x00000000e8400000)
 ParOldGen       total 81920K, used 18248K [0x00000000a0000000, 0x00000000a5000000, 0x00000000e0000000)
  object space 81920K, 22% used [0x00000000a0000000,0x00000000a11d2180,0x00000000a5000000)
 Metaspace       used 50962K, capacity 52270K, committed 52480K, reserved 1093632K
  class space    used 6899K, capacity 7297K, committed 7424K, reserved 1048576K
Event: 9.994 GC heap after
Heap after GC invocations=13 (full 2):
 PSYoungGen      total 135168K, used 12262K [0x00000000e0000000, 0x00000000eb100000, 0x0000000100000000)
  eden space 122880K, 0% used [0x00000000e0000000,0x00000000e0000000,0x00000000e7800000)
  from space 12288K, 99% used [0x00000000e7800000,0x00000000e83f9be8,0x00000000e8400000)
  to   space 15872K, 0% used [0x00000000ea180000,0x00000000ea180000,0x00000000eb100000)
 ParOldGen       total 81920K, used 24120K [0x00000000a0000000, 0x00000000a5000000, 0x00000000e0000000)
  object space 81920K, 29% used [0x00000000a0000000,0x00000000a178e1d8,0x00000000a5000000)
 Metaspace       used 50962K, capacity 52270K, committed 52480K, reserved 1093632K
  class space    used 6899K, capacity 7297K, committed 7424K, reserved 1048576K
}
Event: 11.420 GC heap before
{Heap before GC invocations=14 (full 2):
 PSYoungGen      total 135168K, used 135142K [0x00000000e0000000, 0x00000000eb100000, 0x0000000100000000)
  eden space 122880K, 100% used [0x00000000e0000000,0x00000000e7800000,0x00000000e7800000)
  from space 12288K, 99% used [0x00000000e7800000,0x00000000e83f9be8,0x00000000e8400000)
  to   space 15872K, 0% used [0x00000000ea180000,0x00000000ea180000,0x00000000eb100000)
 ParOldGen       total 81920K, used 24120K [0x00000000a0000000, 0x00000000a5000000, 0x00000000e0000000)
  object space 81920K, 29% used [0x00000000a0000000,0x00000000a178e1d8,0x00000000a5000000)
 Metaspace       used 56314K, capacity 58140K, committed 58240K, reserved 1099776K
  class space    used 7752K, capacity 8225K, committed 8320K, reserved 1048576K
Event: 11.449 GC heap after
Heap after GC invocations=14 (full 2):
 PSYoungGen      total 160256K, used 15863K [0x00000000e0000000, 0x00000000ec480000, 0x0000000100000000)
  eden space 144384K, 0% used [0x00000000e0000000,0x00000000e0000000,0x00000000e8d00000)
  from space 15872K, 99% used [0x00000000ea180000,0x00000000eb0fdc70,0x00000000eb100000)
  to   space 20992K, 0% used [0x00000000e8d00000,0x00000000e8d00000,0x00000000ea180000)
 ParOldGen       total 81920K, used 31582K [0x00000000a0000000, 0x00000000a5000000, 0x00000000e0000000)
  object space 81920K, 38% used [0x00000000a0000000,0x00000000a1ed7ac0,0x00000000a5000000)
 Metaspace       used 56314K, capacity 58140K, committed 58240K, reserved 1099776K
  class space    used 7752K, capacity 8225K, committed 8320K, reserved 1048576K
}
Event: 11.926 GC heap before
{Heap before GC invocations=15 (full 2):
 PSYoungGen      total 160256K, used 96601K [0x00000000e0000000, 0x00000000ec480000, 0x0000000100000000)
  eden space 144384K, 55% used [0x00000000e0000000,0x00000000e4ed8938,0x00000000e8d00000)
  from space 15872K, 99% used [0x00000000ea180000,0x00000000eb0fdc70,0x00000000eb100000)
  to   space 20992K, 0% used [0x00000000e8d00000,0x00000000e8d00000,0x00000000ea180000)
 ParOldGen       total 81920K, used 31582K [0x00000000a0000000, 0x00000000a5000000, 0x00000000e0000000)
  object space 81920K, 38% used [0x00000000a0000000,0x00000000a1ed7ac0,0x00000000a5000000)
 Metaspace       used 56888K, capacity 58754K, committed 59008K, reserved 1099776K
  class space    used 7846K, capacity 8311K, committed 8320K, reserved 1048576K
Event: 11.950 GC heap after
Heap after GC invocations=15 (full 2):
 PSYoungGen      total 165376K, used 10176K [0x00000000e0000000, 0x00000000ee800000, 0x0000000100000000)
  eden space 144384K, 0% used [0x00000000e0000000,0x00000000e0000000,0x00000000e8d00000)
  from space 20992K, 48% used [0x00000000e8d00000,0x00000000e96f0010,0x00000000ea180000)
  to   space 19968K, 0% used [0x00000000ed480000,0x00000000ed480000,0x00000000ee800000)
 ParOldGen       total 81920K, used 46172K [0x00000000a0000000, 0x00000000a5000000, 0x00000000e0000000)
  object space 81920K, 56% used [0x00000000a0000000,0x00000000a2d172e8,0x00000000a5000000)
 Metaspace       used 56888K, capacity 58754K, committed 59008K, reserved 1099776K
  class space    used 7846K, capacity 8311K, committed 8320K, reserved 1048576K
}
Event: 11.950 GC heap before
{Heap before GC invocations=16 (full 3):
 PSYoungGen      total 165376K, used 10176K [0x00000000e0000000, 0x00000000ee800000, 0x0000000100000000)
  eden space 144384K, 0% used [0x00000000e0000000,0x00000000e0000000,0x00000000e8d00000)
  from space 20992K, 48% used [0x00000000e8d00000,0x00000000e96f0010,0x00000000ea180000)
  to   space 19968K, 0% used [0x00000000ed480000,0x00000000ed480000,0x00000000ee800000)
 ParOldGen       total 81920K, used 46172K [0x00000000a0000000, 0x00000000a5000000, 0x00000000e0000000)
  object space 81920K, 56% used [0x00000000a0000000,0x00000000a2d172e8,0x00000000a5000000)
 Metaspace       used 56888K, capacity 58754K, committed 59008K, reserved 1099776K
  class space    used 7846K, capacity 8311K, committed 8320K, reserved 1048576K
Event: 12.202 GC heap after
Heap after GC invocations=16 (full 3):
 PSYoungGen      total 165376K, used 0K [0x00000000e0000000, 0x00000000ee800000, 0x0000000100000000)
  eden space 144384K, 0% used [0x00000000e0000000,0x00000000e0000000,0x00000000e8d00000)
  from space 20992K, 0% used [0x00000000e8d00000,0x00000000e8d00000,0x00000000ea180000)
  to   space 19968K, 0% used [0x00000000ed480000,0x00000000ed480000,0x00000000ee800000)
 ParOldGen       total 134144K, used 44608K [0x00000000a0000000, 0x00000000a8300000, 0x00000000e0000000)
  object space 134144K, 33% used [0x00000000a0000000,0x00000000a2b900e0,0x00000000a8300000)
 Metaspace       used 56888K, capacity 58754K, committed 59008K, reserved 1099776K
  class space    used 7846K, capacity 8311K, committed 8320K, reserved 1048576K
}
Event: 94.410 GC heap before
{Heap before GC invocations=17 (full 3):
 PSYoungGen      total 165376K, used 144384K [0x00000000e0000000, 0x00000000ee800000, 0x0000000100000000)
  eden space 144384K, 100% used [0x00000000e0000000,0x00000000e8d00000,0x00000000e8d00000)
  from space 20992K, 0% used [0x00000000e8d00000,0x00000000e8d00000,0x00000000ea180000)
  to   space 19968K, 0% used [0x00000000ed480000,0x00000000ed480000,0x00000000ee800000)
 ParOldGen       total 134144K, used 44608K [0x00000000a0000000, 0x00000000a8300000, 0x00000000e0000000)
  object space 134144K, 33% used [0x00000000a0000000,0x00000000a2b900e0,0x00000000a8300000)
 Metaspace       used 66761K, capacity 69090K, committed 69376K, reserved 1110016K
  class space    used 8864K, capacity 9446K, committed 9472K, reserved 1048576K
Event: 94.425 GC heap after
Heap after GC invocations=17 (full 3):
 PSYoungGen      total 192512K, used 13131K [0x00000000e0000000, 0x00000000ee180000, 0x0000000100000000)
  eden space 179200K, 0% used [0x00000000e0000000,0x00000000e0000000,0x00000000eaf00000)
  from space 13312K, 98% used [0x00000000ed480000,0x00000000ee152c70,0x00000000ee180000)
  to   space 19968K, 0% used [0x00000000eba80000,0x00000000eba80000,0x00000000ece00000)
 ParOldGen       total 134144K, used 44616K [0x00000000a0000000, 0x00000000a8300000, 0x00000000e0000000)
  object space 134144K, 33% used [0x00000000a0000000,0x00000000a2b920e0,0x00000000a8300000)
 Metaspace       used 66761K, capacity 69090K, committed 69376K, reserved 1110016K
  class space    used 8864K, capacity 9446K, committed 9472K, reserved 1048576K
}

Deoptimization events (10 events):
Event: 94.940 Thread 0x000000001ca33000 Uncommon trap: reason=array_check action=maybe_recompile pc=0x000000000493f090 method=java.util.ComparableTimSort.binarySort([Ljava/lang/Object;III)V @ 193
Event: 94.940 Thread 0x000000001ca33000 Uncommon trap: reason=array_check action=maybe_recompile pc=0x000000000493f090 method=java.util.ComparableTimSort.binarySort([Ljava/lang/Object;III)V @ 193
Event: 94.943 Thread 0x000000001ca33000 Uncommon trap: reason=null_check action=make_not_entrant pc=0x00000000046a99e8 method=java.beans.PropertyDescriptor.findPropertyType(Ljava/lang/reflect/Method;Ljava/lang/reflect/Method;)Ljava/lang/Class; @ 157
Event: 94.987 Thread 0x000000001ca33000 Uncommon trap: reason=array_check action=maybe_recompile pc=0x0000000004882bf0 method=java.util.ComparableTimSort.binarySort([Ljava/lang/Object;III)V @ 215
Event: 94.988 Thread 0x000000001ca33000 Uncommon trap: reason=array_check action=maybe_recompile pc=0x0000000004882d24 method=java.util.ComparableTimSort.binarySort([Ljava/lang/Object;III)V @ 183
Event: 94.988 Thread 0x000000001ca33000 Uncommon trap: reason=array_check action=maybe_recompile pc=0x0000000004882bf0 method=java.util.ComparableTimSort.binarySort([Ljava/lang/Object;III)V @ 215
Event: 95.405 Thread 0x000000001ca33000 Uncommon trap: reason=unstable_if action=reinterpret pc=0x00000000041ddbf4 method=com.sun.org.apache.xerces.internal.util.SymbolTable.addSymbol([CII)Ljava/lang/String; @ 64
Event: 95.711 Thread 0x000000001ca33000 Uncommon trap: reason=unstable_if action=reinterpret pc=0x00000000036498b4 method=com.google.gson.stream.JsonReader.doPeek()I @ 315
Event: 96.240 Thread 0x000000001ca33000 Uncommon trap: reason=class_check action=maybe_recompile pc=0x00000000036123d4 method=org.gradle.internal.logging.text.AbstractLineChoppingStyledTextOutput$StateContext.flushLineText()V @ 110
Event: 96.240 Thread 0x000000001ca33000 Uncommon trap: reason=class_check action=maybe_recompile pc=0x00000000036123d4 method=org.gradle.internal.logging.text.AbstractLineChoppingStyledTextOutput$StateContext.flushLineText()V @ 110

Classes redefined (0 events):
No events

Internal exceptions (10 events):
Event: 96.381 Thread 0x000000001ca33000 Exception <a 'java/lang/ClassNotFoundException': com/android/build/gradle/tasks/CleanBuildCache_DecoratedBeanInfo> (0x00000000ea955aa8) thrown at [D:\src\AOSP-openjdk-cygwin\jdk8u\hotspot\src\share\vm\classfile\systemDictionary.cpp, line 210]
Event: 96.381 Thread 0x000000001ca33000 Exception <a 'java/lang/ClassNotFoundException': com/android/build/gradle/tasks/CleanBuildCacheBeanInfo> (0x00000000ea969cb8) thrown at [D:\src\AOSP-openjdk-cygwin\jdk8u\hotspot\src\share\vm\classfile\systemDictionary.cpp, line 210]
Event: 96.382 Thread 0x000000001ca33000 Exception <a 'java/lang/ClassNotFoundException': com/android/build/gradle/tasks/CleanBuildCacheCustomizer> (0x00000000ea97e630) thrown at [D:\src\AOSP-openjdk-cygwin\jdk8u\hotspot\src\share\vm\classfile\systemDictionary.cpp, line 210]
Event: 96.382 Thread 0x000000001ca33000 Exception <a 'java/lang/ClassNotFoundException': com/android/build/gradle/tasks/CleanBuildCache_DecoratedCustomizer> (0x00000000ea9a45f8) thrown at [D:\src\AOSP-openjdk-cygwin\jdk8u\hotspot\src\share\vm\classfile\systemDictionary.cpp, line 210]
Event: 96.385 Thread 0x000000001ca33000 Exception <a 'java/lang/ClassNotFoundException': com/android/build/gradle/tasks/AidlCompile_DecoratedBeanInfo> (0x00000000eaa1aae0) thrown at [D:\src\AOSP-openjdk-cygwin\jdk8u\hotspot\src\share\vm\classfile\systemDictionary.cpp, line 210]
Event: 96.385 Thread 0x000000001ca33000 Exception <a 'java/lang/ClassNotFoundException': com/android/build/gradle/tasks/AidlCompileBeanInfo> (0x00000000eaa2d940) thrown at [D:\src\AOSP-openjdk-cygwin\jdk8u\hotspot\src\share\vm\classfile\systemDictionary.cpp, line 210]
Event: 96.385 Thread 0x000000001ca33000 Exception <a 'java/lang/ClassNotFoundException': com/android/build/gradle/internal/tasks/IncrementalTaskBeanInfo> (0x00000000eaa445a0) thrown at [D:\src\AOSP-openjdk-cygwin\jdk8u\hotspot\src\share\vm\classfile\systemDictionary.cpp, line 210]
Event: 96.386 Thread 0x000000001ca33000 Exception <a 'java/lang/ClassNotFoundException': com/android/build/gradle/internal/tasks/IncrementalTaskCustomizer> (0x00000000eaa5b338) thrown at [D:\src\AOSP-openjdk-cygwin\jdk8u\hotspot\src\share\vm\classfile\systemDictionary.cpp, line 210]
Event: 96.386 Thread 0x000000001ca33000 Exception <a 'java/lang/ClassNotFoundException': com/android/build/gradle/tasks/AidlCompileCustomizer> (0x00000000eaa810c8) thrown at [D:\src\AOSP-openjdk-cygwin\jdk8u\hotspot\src\share\vm\classfile\systemDictionary.cpp, line 210]
Event: 96.387 Thread 0x000000001ca33000 Exception <a 'java/lang/ClassNotFoundException': com/android/build/gradle/tasks/AidlCompile_DecoratedCustomizer> (0x00000000eaab8830) thrown at [D:\src\AOSP-openjdk-cygwin\jdk8u\hotspot\src\share\vm\classfile\systemDictionary.cpp, line 210]

Events (10 events):
Event: 96.386 loading class com/android/build/gradle/internal/tasks/IncrementalTaskCustomizer
Event: 96.386 loading class com/android/build/gradle/internal/tasks/IncrementalTaskCustomizer done
Event: 96.386 loading class com/android/build/gradle/tasks/AidlCompileCustomizer
Event: 96.386 loading class com/android/build/gradle/tasks/AidlCompileCustomizer done
Event: 96.386 loading class com/android/build/gradle/tasks/AidlCompileCustomizer
Event: 96.386 loading class com/android/build/gradle/tasks/AidlCompileCustomizer done
Event: 96.387 loading class com/android/build/gradle/tasks/AidlCompile_DecoratedCustomizer
Event: 96.387 loading class com/android/build/gradle/tasks/AidlCompile_DecoratedCustomizer done
Event: 96.387 loading class com/android/build/gradle/tasks/AidlCompile_DecoratedCustomizer
Event: 96.387 loading class com/android/build/gradle/tasks/AidlCompile_DecoratedCustomizer done


Dynamic libraries:
0x00007ff76e570000 - 0x00007ff76e5a1000 	C:\Program Files\Android\Android Studio\jre\bin\java.exe
0x00007fffee900000 - 0x00007fffeeae1000 	C:\windows\SYSTEM32\ntdll.dll
0x00007fffed240000 - 0x00007fffed2f2000 	C:\windows\System32\KERNEL32.DLL
0x00007fffeafb0000 - 0x00007fffeb223000 	C:\windows\System32\KERNELBASE.dll
0x00007fffec790000 - 0x00007fffec831000 	C:\windows\System32\ADVAPI32.dll
0x00007fffecac0000 - 0x00007fffecb5e000 	C:\windows\System32\msvcrt.dll
0x00007fffec180000 - 0x00007fffec1db000 	C:\windows\System32\sechost.dll
0x00007fffebf80000 - 0x00007fffec0a4000 	C:\windows\System32\RPCRT4.dll
0x00007fffebdc0000 - 0x00007fffebf50000 	C:\windows\System32\USER32.dll
0x00007fffebad0000 - 0x00007fffebaf0000 	C:\windows\System32\win32u.dll
0x00007fffebd90000 - 0x00007fffebdb8000 	C:\windows\System32\GDI32.dll
0x00007fffebaf0000 - 0x00007fffebc82000 	C:\windows\System32\gdi32full.dll
0x00007fffeaf10000 - 0x00007fffeafaf000 	C:\windows\System32\msvcp_win.dll
0x00007fffebc90000 - 0x00007fffebd8a000 	C:\windows\System32\ucrtbase.dll
0x00007fffdb9c0000 - 0x00007fffdbc29000 	C:\windows\WinSxS\amd64_microsoft.windows.common-controls_6595b64144ccf1df_6.0.17134.345_none_fb429a5930656358\COMCTL32.dll
0x00007fffecc10000 - 0x00007fffecf33000 	C:\windows\System32\combase.dll
0x00007fffeb940000 - 0x00007fffeb9ba000 	C:\windows\System32\bcryptPrimitives.dll
0x00007fffebf50000 - 0x00007fffebf7d000 	C:\windows\System32\IMM32.DLL
0x0000000064df0000 - 0x0000000064ec2000 	C:\Program Files\Android\Android Studio\jre\jre\bin\msvcr100.dll
0x0000000062aa0000 - 0x00000000632e1000 	C:\Program Files\Android\Android Studio\jre\jre\bin\server\jvm.dll
0x00007fffec0b0000 - 0x00007fffec0b8000 	C:\windows\System32\PSAPI.DLL
0x00007fffe59f0000 - 0x00007fffe59fa000 	C:\windows\SYSTEM32\VERSION.dll
0x00007fffe83d0000 - 0x00007fffe83f3000 	C:\windows\SYSTEM32\WINMM.dll
0x00007fffe9770000 - 0x00007fffe9779000 	C:\windows\SYSTEM32\WSOCK32.dll
0x00007fffe8320000 - 0x00007fffe834a000 	C:\windows\SYSTEM32\WINMMBASE.dll
0x00007fffeaec0000 - 0x00007fffeaf09000 	C:\windows\System32\cfgmgr32.dll
0x00007fffec1e0000 - 0x00007fffec24c000 	C:\windows\System32\ws2_32.DLL
0x00007fffe9760000 - 0x00007fffe976f000 	C:\Program Files\Android\Android Studio\jre\jre\bin\verify.dll
0x00007fffe2d90000 - 0x00007fffe2db9000 	C:\Program Files\Android\Android Studio\jre\jre\bin\java.dll
0x00007fffe93f0000 - 0x00007fffe9406000 	C:\Program Files\Android\Android Studio\jre\jre\bin\zip.dll
0x00007fffed480000 - 0x00007fffee8bf000 	C:\windows\System32\SHELL32.dll
0x00007fffed300000 - 0x00007fffed3a9000 	C:\windows\System32\shcore.dll
0x00007fffeb230000 - 0x00007fffeb93d000 	C:\windows\System32\windows.storage.dll
0x00007fffec8c0000 - 0x00007fffec911000 	C:\windows\System32\shlwapi.dll
0x00007fffeac90000 - 0x00007fffeaca1000 	C:\windows\System32\kernel.appcore.dll
0x00007fffeac70000 - 0x00007fffeac8f000 	C:\windows\System32\profapi.dll
0x00007fffeac20000 - 0x00007fffeac6c000 	C:\windows\System32\powrprof.dll
0x00007fffeac10000 - 0x00007fffeac1a000 	C:\windows\System32\FLTLIB.DLL
0x00007fffe4650000 - 0x00007fffe466a000 	C:\Program Files\Android\Android Studio\jre\jre\bin\net.dll
0x00007fffea0d0000 - 0x00007fffea136000 	C:\windows\system32\mswsock.dll
0x00007fffe3320000 - 0x00007fffe3331000 	C:\Program Files\Android\Android Studio\jre\jre\bin\nio.dll
0x00007fffdc7d0000 - 0x00007fffdc7ee000 	C:\Users\Shubhada\.gradle\native\25\windows-amd64\native-platform.dll
0x00007fffe8400000 - 0x00007fffe840d000 	C:\Program Files\Android\Android Studio\jre\jre\bin\management.dll
0x00007fffea930000 - 0x00007fffea947000 	C:\windows\SYSTEM32\CRYPTSP.dll
0x00007fffe9cb0000 - 0x00007fffe9ce3000 	C:\windows\system32\rsaenh.dll
0x00007fffea720000 - 0x00007fffea745000 	C:\windows\SYSTEM32\bcrypt.dll
0x00007fffeab40000 - 0x00007fffeab68000 	C:\windows\SYSTEM32\USERENV.dll
0x00007fffea920000 - 0x00007fffea92b000 	C:\windows\SYSTEM32\CRYPTBASE.dll
0x00007fffe9e50000 - 0x00007fffe9e88000 	C:\windows\SYSTEM32\IPHLPAPI.DLL
0x00007fffecc00000 - 0x00007fffecc08000 	C:\windows\System32\NSI.dll
0x00007fffe1e30000 - 0x00007fffe1e46000 	C:\windows\SYSTEM32\dhcpcsvc6.DLL
0x00007fffe3bd0000 - 0x00007fffe3bea000 	C:\windows\SYSTEM32\dhcpcsvc.DLL

VM Arguments:
jvm_args: -Xmx1536m -Dfile.encoding=windows-1252 -Duser.country=US -Duser.language=en -Duser.variant 
java_command: org.gradle.launcher.daemon.bootstrap.GradleDaemon 4.6
java_class_path (initial): C:\Users\Shubhada\.gradle\wrapper\dists\gradle-4.6-all\bcst21l2brirad8k2ben1letg\gradle-4.6\lib\gradle-launcher-4.6.jar
Launcher Type: SUN_STANDARD

Environment Variables:
PATH=C:\Program Files (x86)\Common Files\Oracle\Java\javapath;C:\windows\system32;C:\windows;C:\windows\System32\Wbem;C:\windows\System32\WindowsPowerShell\v1.0\;C:\windows\System32\OpenSSH\;C:\sqlite32;C:\Program Files\Git\cmd;%0java%\bin;C:\Users\Shubhada\AppData\Local\Microsoft\WindowsApps;
USERNAME=Shubhada
OS=Windows_NT
PROCESSOR_IDENTIFIER=AMD64 Family 23 Model 17 Stepping 0, AuthenticAMD



---------------  S Y S T E M  ---------------

OS: Windows 10.0 , 64 bit Build 17134 (10.0.17134.1)

CPU:total 8 (initial active 8) (8 cores per cpu, 1 threads per core) family 23 model 17 stepping 0, cmov, cx8, fxsr, mmx, sse, sse2, sse3, ssse3, sse4.1, sse4.2, popcnt, avx, avx2, aes, clmul, mmxext, 3dnowpref, lzcnt, sse4a, tsc, tscinvbit, tscinv, bmi1

Memory: 4k page, physical 7294768k(738504k free), swap 29314864k(4540k free)

vm_info: OpenJDK 64-Bit Server VM (25.152-b06) for windows-amd64 JRE (1.8.0_152-release-1136-b06), built by "builder" with MS VC++ 10.0 (VS2010)

time: Wed Nov 07 12:47:29 2018
elapsed time: 96 seconds (0d 0h 1m 36s)

