#
# There is insufficient memory for the Java Runtime Environment to continue.
# Native memory allocation (malloc) failed to allocate 32744 bytes for ChunkPool::allocate
# Possible reasons:
#   The system is out of physical RAM or swap space
#   In 32 bit mode, the process size limit was hit
# Possible solutions:
#   Reduce memory load on the system
#   Increase physical memory or swap space
#   Check if swap backing store is full
#   Use 64 bit Java on a 64 bit OS
#   Decrease Java heap size (-Xmx/-Xms)
#   Decrease number of Java threads
#   Decrease Java thread stack sizes (-Xss)
#   Set larger code cache with -XX:ReservedCodeCacheSize=
# This output file may be truncated or incomplete.
#
#  Out of Memory Error (allocation.cpp:273), pid=124668, tid=0x0000000000008e28
#
# JRE version: OpenJDK Runtime Environment (8.0_152-b06) (build 1.8.0_152-release-1136-b06)
# Java VM: OpenJDK 64-Bit Server VM (25.152-b06 mixed mode windows-amd64 compressed oops)
# Failed to write core dump. Minidumps are not enabled by default on client versions of Windows
#

---------------  T H R E A D  ---------------

Current thread (0x0000000018a1b000):  JavaThread "C1 CompilerThread3" daemon [_thread_in_native, id=36392, stack(0x00000000194b0000,0x00000000195b0000)]

Stack: [0x00000000194b0000,0x00000000195b0000]
[error occurred during error reporting (printing stack bounds), id 0xc0000005]

Native frames: (J=compiled Java code, j=interpreted, Vv=VM code, C=native code)


Current CompileTask:
C1:  21714 9611       3       sun.nio.cs.SingleByte$Decoder::decodeLoop (28 bytes)


---------------  P R O C E S S  ---------------

Java Threads: ( => current thread )
  0x000000001e052000 JavaThread "stdout" daemon [_thread_in_native, id=125004, stack(0x00000000276c0000,0x00000000277c0000)]
  0x000000001e050800 JavaThread "stderr" daemon [_thread_in_native, id=118300, stack(0x00000000275c0000,0x00000000276c0000)]
  0x000000001e04a800 JavaThread "stdout" daemon [_thread_in_native, id=129272, stack(0x00000000274c0000,0x00000000275c0000)]
  0x000000001e051800 JavaThread "stderr" daemon [_thread_in_native, id=125404, stack(0x00000000273c0000,0x00000000274c0000)]
  0x000000001c5f9000 JavaThread "stdout" daemon [_thread_in_native, id=130240, stack(0x00000000272c0000,0x00000000273c0000)]
  0x000000001c5f7800 JavaThread "stderr" daemon [_thread_in_native, id=129872, stack(0x00000000271c0000,0x00000000272c0000)]
  0x000000001c5f8000 JavaThread "stdout" daemon [_thread_in_native, id=131044, stack(0x00000000270c0000,0x00000000271c0000)]
  0x000000001c5f6800 JavaThread "stderr" daemon [_thread_in_native, id=127844, stack(0x0000000026fc0000,0x00000000270c0000)]
  0x000000001c5f6000 JavaThread "stdout" daemon [_thread_in_native, id=126372, stack(0x0000000026ec0000,0x0000000026fc0000)]
  0x000000001c5ee800 JavaThread "stderr" daemon [_thread_in_native, id=124400, stack(0x0000000026dc0000,0x0000000026ec0000)]
  0x000000001c5f5000 JavaThread "stdout" daemon [_thread_in_native, id=120508, stack(0x0000000026cc0000,0x0000000026dc0000)]
  0x000000001c5f4800 JavaThread "stderr" daemon [_thread_in_native, id=86704, stack(0x0000000026bc0000,0x0000000026cc0000)]
  0x000000001c5ed000 JavaThread "stdout" daemon [_thread_in_native, id=123532, stack(0x0000000026ac0000,0x0000000026bc0000)]
  0x000000001c5ed800 JavaThread "stderr" daemon [_thread_in_native, id=122364, stack(0x00000000269c0000,0x0000000026ac0000)]
  0x000000001c5f3800 JavaThread "pool-4-thread-1" [_thread_blocked, id=120500, stack(0x00000000268c0000,0x00000000269c0000)]
  0x000000001c5f2000 JavaThread "MarlinRenderer Disposer" daemon [_thread_blocked, id=129372, stack(0x00000000267c0000,0x00000000268c0000)]
  0x000000001c5ea800 JavaThread "Java2D Disposer" daemon [_thread_blocked, id=122536, stack(0x00000000266c0000,0x00000000267c0000)]
  0x000000001c5ec000 JavaThread "ForkJoinPool.commonPool-worker-7" daemon [_thread_blocked, id=130208, stack(0x00000000265c0000,0x00000000266c0000)]
  0x000000001c5ef000 JavaThread "ForkJoinPool.commonPool-worker-6" daemon [_thread_blocked, id=131164, stack(0x00000000264c0000,0x00000000265c0000)]
  0x000000001c5f1800 JavaThread "ForkJoinPool.commonPool-worker-5" daemon [_thread_blocked, id=129576, stack(0x00000000263c0000,0x00000000264c0000)]
  0x000000001c5eb800 JavaThread "ForkJoinPool.commonPool-worker-4" daemon [_thread_blocked, id=128432, stack(0x00000000262c0000,0x00000000263c0000)]
  0x000000001c5ea000 JavaThread "ForkJoinPool.commonPool-worker-3" daemon [_thread_blocked, id=124100, stack(0x00000000261c0000,0x00000000262c0000)]
  0x000000001c5f0800 JavaThread "ForkJoinPool.commonPool-worker-2" daemon [_thread_blocked, id=126392, stack(0x00000000260c0000,0x00000000261c0000)]
  0x000000001c5f0000 JavaThread "ForkJoinPool.commonPool-worker-1" daemon [_thread_blocked, id=130248, stack(0x0000000025fc0000,0x00000000260c0000)]
  0x000000001ac98000 JavaThread "Task worker for ':' Thread 7" [_thread_blocked, id=125676, stack(0x0000000025ec0000,0x0000000025fc0000)]
  0x000000001ac97000 JavaThread "Task worker for ':' Thread 6" [_thread_blocked, id=116800, stack(0x0000000025dc0000,0x0000000025ec0000)]
  0x000000001ac96800 JavaThread "Task worker for ':' Thread 5" [_thread_blocked, id=130544, stack(0x0000000025cc0000,0x0000000025dc0000)]
  0x000000001ac9c800 JavaThread "Task worker for ':' Thread 4" [_thread_blocked, id=127032, stack(0x0000000025bc0000,0x0000000025cc0000)]
  0x000000001ac9d000 JavaThread "Task worker for ':' Thread 3" [_thread_blocked, id=130596, stack(0x0000000025ac0000,0x0000000025bc0000)]
  0x000000001ac98800 JavaThread "Task worker for ':' Thread 2" [_thread_blocked, id=124368, stack(0x00000000259c0000,0x0000000025ac0000)]
  0x000000001dfe7000 JavaThread "Task worker for ':'" [_thread_blocked, id=131248, stack(0x00000000258c0000,0x00000000259c0000)]
  0x000000001dfe6000 JavaThread "Cache worker for Build Output Cleanup Cache (C:\Users\Shubhada\AndroidStudioProjects\ShopGreen\.gradle\buildOutputCleanup)" [_thread_blocked, id=131752, stack(0x00000000257c0000,0x00000000258c0000)]
  0x000000001dfe5800 JavaThread "Cache worker for task history cache (C:\Users\Shubhada\AndroidStudioProjects\ShopGreen\.gradle\4.6\taskHistory)" [_thread_blocked, id=113320, stack(0x00000000256c0000,0x00000000257c0000)]
  0x000000001dfde000 JavaThread "Build operations Thread 8" [_thread_blocked, id=130588, stack(0x00000000255c0000,0x00000000256c0000)]
  0x000000001dfe4800 JavaThread "Build operations Thread 7" [_thread_blocked, id=128612, stack(0x00000000254c0000,0x00000000255c0000)]
  0x000000001dfdd000 JavaThread "Build operations Thread 6" [_thread_blocked, id=106032, stack(0x00000000253c0000,0x00000000254c0000)]
  0x000000001dfe4000 JavaThread "Build operations Thread 5" [_thread_blocked, id=105092, stack(0x00000000252c0000,0x00000000253c0000)]
  0x000000001dfdc800 JavaThread "Build operations Thread 4" [_thread_blocked, id=111432, stack(0x00000000251c0000,0x00000000252c0000)]
  0x000000001dfe3000 JavaThread "Build operations Thread 3" [_thread_blocked, id=129328, stack(0x00000000250c0000,0x00000000251c0000)]
  0x000000001dfe2800 JavaThread "Build operations Thread 2" [_thread_blocked, id=107420, stack(0x0000000024fc0000,0x00000000250c0000)]
  0x000000001dfe1000 JavaThread "Build operations" [_thread_blocked, id=115384, stack(0x0000000024ec0000,0x0000000024fc0000)]
  0x000000001dfe0000 JavaThread "Cache worker for Artifact transforms cache (C:\Users\Shubhada\.gradle\caches\transforms-1)" [_thread_blocked, id=131908, stack(0x0000000024dc0000,0x0000000024ec0000)]
  0x000000001dfe1800 JavaThread "Cache worker for file hash cache (C:\Users\Shubhada\AndroidStudioProjects\ShopGreen\.gradle\4.6\fileHashes)" [_thread_blocked, id=114636, stack(0x0000000024cc0000,0x0000000024dc0000)]
  0x000000001dfdb000 JavaThread "Stdin handler" [_thread_blocked, id=123496, stack(0x0000000024bc0000,0x0000000024cc0000)]
  0x000000001dfdb800 JavaThread "Asynchronous log dispatcher for DefaultDaemonConnection: socket connection from /127.0.0.1:50362 to /127.0.0.1:50387" [_thread_blocked, id=127980, stack(0x0000000024ac0000,0x0000000024bc0000)]
  0x000000001dfd8800 JavaThread "Cancel handler" [_thread_blocked, id=130264, stack(0x00000000249c0000,0x0000000024ac0000)]
  0x000000001dfda000 JavaThread "Handler for socket connection from /127.0.0.1:50362 to /127.0.0.1:50387" [_thread_in_native, id=127432, stack(0x0000000024690000,0x0000000024790000)]
  0x000000001dfd8000 JavaThread "pool-1-thread-1" [_thread_blocked, id=123324, stack(0x00000000228d0000,0x00000000229d0000)]
  0x000000001dfd9800 JavaThread "Memory manager" [_thread_blocked, id=114772, stack(0x0000000021200000,0x0000000021300000)]
  0x000000001ac3f000 JavaThread "File lock request listener" [_thread_in_native, id=112680, stack(0x000000001c400000,0x000000001c500000)]
  0x000000001ac3e800 JavaThread "Cache worker for file hash cache (C:\Users\Shubhada\.gradle\caches\4.6\fileHashes)" [_thread_blocked, id=100140, stack(0x000000001c300000,0x000000001c400000)]
  0x000000001a82f800 JavaThread "Daemon worker" [_thread_blocked, id=132044, stack(0x000000001bd00000,0x000000001be00000)]
  0x000000001a9a7000 JavaThread "Daemon" [_thread_blocked, id=118176, stack(0x000000001b800000,0x000000001b900000)]
  0x000000001a989800 JavaThread "Daemon periodic checks" [_thread_blocked, id=127220, stack(0x000000001b700000,0x000000001b800000)]
  0x000000001a79a800 JavaThread "Incoming local TCP Connector on port 50362" [_thread_in_native, id=129600, stack(0x000000001b4c0000,0x000000001b5c0000)]
  0x0000000018a64800 JavaThread "Service Thread" daemon [_thread_blocked, id=121428, stack(0x00000000195b0000,0x00000000196b0000)]
=>0x0000000018a1b000 JavaThread "C1 CompilerThread3" daemon [_thread_in_native, id=36392, stack(0x00000000194b0000,0x00000000195b0000)]
  0x00000000189f7000 JavaThread "C2 CompilerThread2" daemon [_thread_in_native, id=129432, stack(0x00000000193b0000,0x00000000194b0000)]
  0x00000000189ef800 JavaThread "C2 CompilerThread1" daemon [_thread_blocked, id=130836, stack(0x00000000192b0000,0x00000000193b0000)]
  0x00000000189e9800 JavaThread "C2 CompilerThread0" daemon [_thread_in_native, id=99292, stack(0x00000000191b0000,0x00000000192b0000)]
  0x00000000189e6000 JavaThread "Attach Listener" daemon [_thread_blocked, id=100172, stack(0x00000000190b0000,0x00000000191b0000)]
  0x00000000189f5800 JavaThread "Signal Dispatcher" daemon [_thread_blocked, id=128872, stack(0x0000000018fb0000,0x00000000190b0000)]
  0x0000000002c8e000 JavaThread "Finalizer" daemon [_thread_blocked, id=119996, stack(0x0000000018dc0000,0x0000000018ec0000)]
  0x0000000002c87000 JavaThread "Reference Handler" daemon [_thread_blocked, id=129428, stack(0x00000000188c0000,0x00000000189c0000)]
  0x0000000002d1e000 JavaThread "main" [_thread_blocked, id=132016, stack(0x0000000002a50000,0x0000000002b50000)]

Other Threads:
  0x0000000016ad5000 VMThread [stack: 0x00000000187c0000,0x00000000188c0000] [id=125472]
  0x0000000018a65800 WatcherThread [stack: 0x00000000196b0000,0x00000000197b0000] [id=37276]

VM state:not at safepoint (normal execution)

VM Mutex/Monitor currently owned by a thread: None

Heap:
 PSYoungGen      total 186880K, used 126244K [0x00000000e0000000, 0x00000000eda00000, 0x0000000100000000)
  eden space 174592K, 65% used [0x00000000e0000000,0x00000000e6fa5ef0,0x00000000eaa80000)
  from space 12288K, 96% used [0x00000000ece00000,0x00000000ed9a3168,0x00000000eda00000)
  to   space 19968K, 0% used [0x00000000eb300000,0x00000000eb300000,0x00000000ec680000)
 ParOldGen       total 81408K, used 45024K [0x00000000a0000000, 0x00000000a4f80000, 0x00000000e0000000)
  object space 81408K, 55% used [0x00000000a0000000,0x00000000a2bf80b0,0x00000000a4f80000)
 Metaspace       used 66233K, capacity 68390K, committed 68736K, reserved 1107968K
  class space    used 8747K, capacity 9291K, committed 9344K, reserved 1048576K

Card table byte_map: [0x00000000120e0000,0x00000000123f0000] byte_map_base: 0x0000000011be0000

Marking Bits: (ParMarkBitMap*) 0x0000000063265aa0
 Begin Bits: [0x0000000012df0000, 0x00000000145f0000)
 End Bits:   [0x00000000145f0000, 0x0000000015df0000)

Polling page: 0x00000000009f0000

CodeCache: size=245760Kb used=28361Kb max_used=28375Kb free=217398Kb
 bounds [0x0000000002d20000, 0x0000000004900000, 0x0000000011d20000]
 total_blobs=9183 nmethods=8280 adapters=814
 compilation: enabled

Compilation events (10 events):
Event: 21.661 Thread 0x0000000018a1b000 9605       3       com.google.common.collect.ImmutableList$Builder::<init> (6 bytes)
Event: 21.661 Thread 0x0000000018a1b000 nmethod 9605 0x00000000048c5090 code [0x00000000048c5220, 0x00000000048c55e8]
Event: 21.661 Thread 0x0000000018a1b000 9606       3       com.google.common.collect.ImmutableList$Builder::build (12 bytes)
Event: 21.661 Thread 0x0000000018a1b000 nmethod 9606 0x00000000048d3a10 code [0x00000000048d3b80, 0x00000000048d3d08]
Event: 21.667 Thread 0x00000000189ef800 9607       4       java.nio.ByteBuffer::arrayOffset (35 bytes)
Event: 21.667 Thread 0x00000000189ef800 nmethod 9607 0x00000000048c61d0 code [0x00000000048c6300, 0x00000000048c6398]
Event: 21.683 Thread 0x00000000189ef800 9608       4       com.google.common.collect.AbstractIndexedListIterator::hasNext (17 bytes)
Event: 21.683 Thread 0x00000000189ef800 nmethod 9608 0x00000000035bb0d0 code [0x00000000035bb200, 0x00000000035bb278]
Event: 21.688 Thread 0x00000000189ef800 9609   !   4       java.io.BufferedReader::readLine (304 bytes)
Event: 21.701 Thread 0x0000000018a1b000 9611       3       sun.nio.cs.SingleByte$Decoder::decodeLoop (28 bytes)

GC Heap History (10 events):
Event: 8.446 GC heap before
{Heap before GC invocations=13 (full 2):
 PSYoungGen      total 130048K, used 129983K [0x00000000e0000000, 0x00000000e9300000, 0x0000000100000000)
  eden space 118784K, 100% used [0x00000000e0000000,0x00000000e7400000,0x00000000e7400000)
  from space 11264K, 99% used [0x00000000e8800000,0x00000000e92effc0,0x00000000e9300000)
  to   space 12800K, 0% used [0x00000000e7a00000,0x00000000e7a00000,0x00000000e8680000)
 ParOldGen       total 81408K, used 18255K [0x00000000a0000000, 0x00000000a4f80000, 0x00000000e0000000)
  object space 81408K, 22% used [0x00000000a0000000,0x00000000a11d3e48,0x00000000a4f80000)
 Metaspace       used 51229K, capacity 52704K, committed 52992K, reserved 1095680K
  class space    used 6938K, capacity 7340K, committed 7424K, reserved 1048576K
Event: 8.463 GC heap after
Heap after GC invocations=13 (full 2):
 PSYoungGen      total 137728K, used 12784K [0x00000000e0000000, 0x00000000eb200000, 0x0000000100000000)
  eden space 124928K, 0% used [0x00000000e0000000,0x00000000e0000000,0x00000000e7a00000)
  from space 12800K, 99% used [0x00000000e7a00000,0x00000000e867c2f0,0x00000000e8680000)
  to   space 16384K, 0% used [0x00000000ea200000,0x00000000ea200000,0x00000000eb200000)
 ParOldGen       total 81408K, used 23897K [0x00000000a0000000, 0x00000000a4f80000, 0x00000000e0000000)
  object space 81408K, 29% used [0x00000000a0000000,0x00000000a1756570,0x00000000a4f80000)
 Metaspace       used 51229K, capacity 52704K, committed 52992K, reserved 1095680K
  class space    used 6938K, capacity 7340K, committed 7424K, reserved 1048576K
}
Event: 9.847 GC heap before
{Heap before GC invocations=14 (full 2):
 PSYoungGen      total 137728K, used 137712K [0x00000000e0000000, 0x00000000eb200000, 0x0000000100000000)
  eden space 124928K, 100% used [0x00000000e0000000,0x00000000e7a00000,0x00000000e7a00000)
  from space 12800K, 99% used [0x00000000e7a00000,0x00000000e867c2f0,0x00000000e8680000)
  to   space 16384K, 0% used [0x00000000ea200000,0x00000000ea200000,0x00000000eb200000)
 ParOldGen       total 81408K, used 23897K [0x00000000a0000000, 0x00000000a4f80000, 0x00000000e0000000)
  object space 81408K, 29% used [0x00000000a0000000,0x00000000a1756570,0x00000000a4f80000)
 Metaspace       used 56207K, capacity 58014K, committed 58112K, reserved 1099776K
  class space    used 7724K, capacity 8180K, committed 8192K, reserved 1048576K
Event: 9.869 GC heap after
Heap after GC invocations=14 (full 2):
 PSYoungGen      total 160768K, used 16365K [0x00000000e0000000, 0x00000000ec400000, 0x0000000100000000)
  eden space 144384K, 0% used [0x00000000e0000000,0x00000000e0000000,0x00000000e8d00000)
  from space 16384K, 99% used [0x00000000ea200000,0x00000000eb1fb608,0x00000000eb200000)
  to   space 21504K, 0% used [0x00000000e8d00000,0x00000000e8d00000,0x00000000ea200000)
 ParOldGen       total 81408K, used 31380K [0x00000000a0000000, 0x00000000a4f80000, 0x00000000e0000000)
  object space 81408K, 38% used [0x00000000a0000000,0x00000000a1ea52b0,0x00000000a4f80000)
 Metaspace       used 56207K, capacity 58014K, committed 58112K, reserved 1099776K
  class space    used 7724K, capacity 8180K, committed 8192K, reserved 1048576K
}
Event: 10.554 GC heap before
{Heap before GC invocations=15 (full 2):
 PSYoungGen      total 160768K, used 97841K [0x00000000e0000000, 0x00000000ec400000, 0x0000000100000000)
  eden space 144384K, 56% used [0x00000000e0000000,0x00000000e4f90e50,0x00000000e8d00000)
  from space 16384K, 99% used [0x00000000ea200000,0x00000000eb1fb608,0x00000000eb200000)
  to   space 21504K, 0% used [0x00000000e8d00000,0x00000000e8d00000,0x00000000ea200000)
 ParOldGen       total 81408K, used 31380K [0x00000000a0000000, 0x00000000a4f80000, 0x00000000e0000000)
  object space 81408K, 38% used [0x00000000a0000000,0x00000000a1ea52b0,0x00000000a4f80000)
 Metaspace       used 57009K, capacity 58800K, committed 59008K, reserved 1099776K
  class space    used 7852K, capacity 8300K, committed 8320K, reserved 1048576K
Event: 10.587 GC heap after
Heap after GC invocations=15 (full 2):
 PSYoungGen      total 165888K, used 9809K [0x00000000e0000000, 0x00000000ee180000, 0x0000000100000000)
  eden space 144384K, 0% used [0x00000000e0000000,0x00000000e0000000,0x00000000e8d00000)
  from space 21504K, 45% used [0x00000000e8d00000,0x00000000e9694430,0x00000000ea200000)
  to   space 19968K, 0% used [0x00000000ece00000,0x00000000ece00000,0x00000000ee180000)
 ParOldGen       total 81408K, used 46121K [0x00000000a0000000, 0x00000000a4f80000, 0x00000000e0000000)
  object space 81408K, 56% used [0x00000000a0000000,0x00000000a2d0a530,0x00000000a4f80000)
 Metaspace       used 57009K, capacity 58800K, committed 59008K, reserved 1099776K
  class space    used 7852K, capacity 8300K, committed 8320K, reserved 1048576K
}
Event: 10.587 GC heap before
{Heap before GC invocations=16 (full 3):
 PSYoungGen      total 165888K, used 9809K [0x00000000e0000000, 0x00000000ee180000, 0x0000000100000000)
  eden space 144384K, 0% used [0x00000000e0000000,0x00000000e0000000,0x00000000e8d00000)
  from space 21504K, 45% used [0x00000000e8d00000,0x00000000e9694430,0x00000000ea200000)
  to   space 19968K, 0% used [0x00000000ece00000,0x00000000ece00000,0x00000000ee180000)
 ParOldGen       total 81408K, used 46121K [0x00000000a0000000, 0x00000000a4f80000, 0x00000000e0000000)
  object space 81408K, 56% used [0x00000000a0000000,0x00000000a2d0a530,0x00000000a4f80000)
 Metaspace       used 57009K, capacity 58800K, committed 59008K, reserved 1099776K
  class space    used 7852K, capacity 8300K, committed 8320K, reserved 1048576K
Event: 10.903 GC heap after
Heap after GC invocations=16 (full 3):
 PSYoungGen      total 165888K, used 0K [0x00000000e0000000, 0x00000000ee180000, 0x0000000100000000)
  eden space 144384K, 0% used [0x00000000e0000000,0x00000000e0000000,0x00000000e8d00000)
  from space 21504K, 0% used [0x00000000e8d00000,0x00000000e8d00000,0x00000000ea200000)
  to   space 19968K, 0% used [0x00000000ece00000,0x00000000ece00000,0x00000000ee180000)
 ParOldGen       total 81408K, used 45016K [0x00000000a0000000, 0x00000000a4f80000, 0x00000000e0000000)
  object space 81408K, 55% used [0x00000000a0000000,0x00000000a2bf60b0,0x00000000a4f80000)
 Metaspace       used 57009K, capacity 58800K, committed 59008K, reserved 1099776K
  class space    used 7852K, capacity 8300K, committed 8320K, reserved 1048576K
}
Event: 18.375 GC heap before
{Heap before GC invocations=17 (full 3):
 PSYoungGen      total 165888K, used 144384K [0x00000000e0000000, 0x00000000ee180000, 0x0000000100000000)
  eden space 144384K, 100% used [0x00000000e0000000,0x00000000e8d00000,0x00000000e8d00000)
  from space 21504K, 0% used [0x00000000e8d00000,0x00000000e8d00000,0x00000000ea200000)
  to   space 19968K, 0% used [0x00000000ece00000,0x00000000ece00000,0x00000000ee180000)
 ParOldGen       total 81408K, used 45016K [0x00000000a0000000, 0x00000000a4f80000, 0x00000000e0000000)
  object space 81408K, 55% used [0x00000000a0000000,0x00000000a2bf60b0,0x00000000a4f80000)
 Metaspace       used 62578K, capacity 64756K, committed 65024K, reserved 1105920K
  class space    used 8381K, capacity 8934K, committed 8960K, reserved 1048576K
Event: 18.397 GC heap after
Heap after GC invocations=17 (full 3):
 PSYoungGen      total 186880K, used 11916K [0x00000000e0000000, 0x00000000eda00000, 0x0000000100000000)
  eden space 174592K, 0% used [0x00000000e0000000,0x00000000e0000000,0x00000000eaa80000)
  from space 12288K, 96% used [0x00000000ece00000,0x00000000ed9a3168,0x00000000eda00000)
  to   space 19968K, 0% used [0x00000000eb300000,0x00000000eb300000,0x00000000ec680000)
 ParOldGen       total 81408K, used 45024K [0x00000000a0000000, 0x00000000a4f80000, 0x00000000e0000000)
  object space 81408K, 55% used [0x00000000a0000000,0x00000000a2bf80b0,0x00000000a4f80000)
 Metaspace       used 62578K, capacity 64756K, committed 65024K, reserved 1105920K
  class space    used 8381K, capacity 8934K, committed 8960K, reserved 1048576K
}

Deoptimization events (10 events):
Event: 21.310 Thread 0x000000001ac9c800 Uncommon trap: reason=class_check action=maybe_recompile pc=0x0000000002ede6f0 method=com.sun.org.apache.xerces.internal.dom.ElementImpl.getAttributes()Lorg/w3c/dom/NamedNodeMap; @ 8
Event: 21.315 Thread 0x000000001ac9c800 Uncommon trap: reason=class_check action=maybe_recompile pc=0x0000000002ede6f0 method=com.sun.org.apache.xerces.internal.dom.ElementImpl.getAttributes()Lorg/w3c/dom/NamedNodeMap; @ 8
Event: 21.315 Thread 0x000000001ac9c800 Uncommon trap: reason=class_check action=maybe_recompile pc=0x0000000002ede6f0 method=com.sun.org.apache.xerces.internal.dom.ElementImpl.getAttributes()Lorg/w3c/dom/NamedNodeMap; @ 8
Event: 21.315 Thread 0x000000001ac9c800 Uncommon trap: reason=class_check action=maybe_recompile pc=0x0000000002ede6f0 method=com.sun.org.apache.xerces.internal.dom.ElementImpl.getAttributes()Lorg/w3c/dom/NamedNodeMap; @ 8
Event: 21.347 Thread 0x000000001ac9c800 Uncommon trap: reason=class_check action=maybe_recompile pc=0x00000000048793ec method=com.android.utils.XmlUtils.append(Lcom/android/utils/XmlUtils$PositionAwareStringBuilder;Lorg/w3c/dom/Node;Ljava/util/Map;)V @ 222
Event: 21.347 Thread 0x000000001ac9c800 Uncommon trap: reason=class_check action=maybe_recompile pc=0x00000000048793ec method=com.android.utils.XmlUtils.append(Lcom/android/utils/XmlUtils$PositionAwareStringBuilder;Lorg/w3c/dom/Node;Ljava/util/Map;)V @ 222
Event: 21.347 Thread 0x000000001ac9c800 Uncommon trap: reason=unstable_if action=reinterpret pc=0x0000000004832b78 method=com.android.utils.XmlUtils.toXmlAttributeValue(Ljava/lang/String;)Ljava/lang/String; @ 33
Event: 21.347 Thread 0x000000001ac9c800 Uncommon trap: reason=class_check action=maybe_recompile pc=0x00000000048793ec method=com.android.utils.XmlUtils.append(Lcom/android/utils/XmlUtils$PositionAwareStringBuilder;Lorg/w3c/dom/Node;Ljava/util/Map;)V @ 222
Event: 21.347 Thread 0x000000001ac9c800 Uncommon trap: reason=class_check action=maybe_recompile pc=0x00000000048793ec method=com.android.utils.XmlUtils.append(Lcom/android/utils/XmlUtils$PositionAwareStringBuilder;Lorg/w3c/dom/Node;Ljava/util/Map;)V @ 222
Event: 21.389 Thread 0x000000001ac9c800 Uncommon trap: reason=unstable_if action=reinterpret pc=0x0000000004867b8c method=sun.nio.cs.UTF_8$Encoder.encodeArrayLoop(Ljava/nio/CharBuffer;Ljava/nio/ByteBuffer;)Ljava/nio/charset/CoderResult; @ 175

Classes redefined (0 events):
No events

Internal exceptions (10 events):
Event: 17.343 Thread 0x000000001a82f800 Exception <a 'java/lang/NoSuchMethodError': <clinit>> (0x00000000e75fa288) thrown at [D:\src\AOSP-openjdk-cygwin\jdk8u\hotspot\src\share\vm\prims\jni.cpp, line 1613]
Event: 17.486 Thread 0x000000001a82f800 Exception <a 'java/lang/NoSuchMethodError': <clinit>> (0x00000000e78c8b38) thrown at [D:\src\AOSP-openjdk-cygwin\jdk8u\hotspot\src\share\vm\prims\jni.cpp, line 1613]
Event: 17.567 Thread 0x000000001ac9c800 Exception <a 'java/lang/NoSuchMethodError': <clinit>> (0x00000000e6abc280) thrown at [D:\src\AOSP-openjdk-cygwin\jdk8u\hotspot\src\share\vm\prims\jni.cpp, line 1613]
Event: 17.568 Thread 0x000000001ac9c800 Exception <a 'java/lang/NoSuchMethodError': <clinit>> (0x00000000e6ac5d80) thrown at [D:\src\AOSP-openjdk-cygwin\jdk8u\hotspot\src\share\vm\prims\jni.cpp, line 1613]
Event: 17.570 Thread 0x000000001ac9c800 Exception <a 'java/lang/NoSuchMethodError': <clinit>> (0x00000000e6adc060) thrown at [D:\src\AOSP-openjdk-cygwin\jdk8u\hotspot\src\share\vm\prims\jni.cpp, line 1613]
Event: 17.571 Thread 0x000000001ac9c800 Exception <a 'java/lang/NoSuchMethodError': <clinit>> (0x00000000e6ae71c8) thrown at [D:\src\AOSP-openjdk-cygwin\jdk8u\hotspot\src\share\vm\prims\jni.cpp, line 1613]
Event: 19.635 Thread 0x000000001ac9c800 Implicit null exception at 0x00000000046a1204 to 0x00000000046a2559
Event: 19.847 Thread 0x000000001c5f1800 Exception <a 'java/io/FileNotFoundException'> (0x00000000e42dc488) thrown at [D:\src\AOSP-openjdk-cygwin\jdk8u\hotspot\src\share\vm\prims\jni.cpp, line 709]
Event: 19.903 Thread 0x000000001c5ea000 Exception <a 'java/io/FileNotFoundException'> (0x00000000e4294230) thrown at [D:\src\AOSP-openjdk-cygwin\jdk8u\hotspot\src\share\vm\prims\jni.cpp, line 709]
Event: 20.341 Thread 0x000000001ac9c800 Implicit null exception at 0x0000000004810cd7 to 0x0000000004810e1b

Events (10 events):
Event: 21.586 loading class com/android/builder/internal/aapt/AaptException
Event: 21.586 loading class com/android/builder/internal/aapt/AaptException done
Event: 21.586 loading class com/android/builder/internal/aapt/v2/AaptV2CommandBuilder
Event: 21.586 loading class com/android/builder/internal/aapt/v2/AaptV2CommandBuilder done
Event: 21.617 loading class com/android/builder/internal/aapt/v2/Aapt2DaemonImpl$WaitForTaskCompletion$Result$Succeeded
Event: 21.617 loading class com/android/builder/internal/aapt/v2/Aapt2DaemonImpl$WaitForTaskCompletion$Result$Succeeded done
Event: 21.618 loading class com/android/builder/internal/aapt/v2/Aapt2DaemonImpl$WaitForTaskCompletion$Result
Event: 21.618 loading class com/android/builder/internal/aapt/v2/Aapt2DaemonImpl$WaitForTaskCompletion$Result done
Event: 21.673 Thread 0x000000001c5f0800 DEOPT PACKING pc=0x00000000048e35f3 sp=0x00000000261be590
Event: 21.673 Thread 0x000000001c5f0800 DEOPT UNPACKING pc=0x0000000002d671d0 sp=0x00000000261be380 mode 0


Dynamic libraries:
0x00007ff72d9a0000 - 0x00007ff72d9d1000 	C:\Program Files\Android\Android Studio\jre\bin\java.exe
0x00007fffee900000 - 0x00007fffeeae1000 	C:\windows\SYSTEM32\ntdll.dll
0x00007fffed240000 - 0x00007fffed2f2000 	C:\windows\System32\KERNEL32.DLL
0x00007fffeafb0000 - 0x00007fffeb223000 	C:\windows\System32\KERNELBASE.dll
0x00007fffec790000 - 0x00007fffec831000 	C:\windows\System32\ADVAPI32.dll
0x00007fffecac0000 - 0x00007fffecb5e000 	C:\windows\System32\msvcrt.dll
0x00007fffec180000 - 0x00007fffec1db000 	C:\windows\System32\sechost.dll
0x00007fffebf80000 - 0x00007fffec0a4000 	C:\windows\System32\RPCRT4.dll
0x00007fffebdc0000 - 0x00007fffebf50000 	C:\windows\System32\USER32.dll
0x00007fffebad0000 - 0x00007fffebaf0000 	C:\windows\System32\win32u.dll
0x00007fffebd90000 - 0x00007fffebdb8000 	C:\windows\System32\GDI32.dll
0x00007fffebaf0000 - 0x00007fffebc82000 	C:\windows\System32\gdi32full.dll
0x00007fffeaf10000 - 0x00007fffeafaf000 	C:\windows\System32\msvcp_win.dll
0x00007fffebc90000 - 0x00007fffebd8a000 	C:\windows\System32\ucrtbase.dll
0x00007fffdb9c0000 - 0x00007fffdbc29000 	C:\windows\WinSxS\amd64_microsoft.windows.common-controls_6595b64144ccf1df_6.0.17134.345_none_fb429a5930656358\COMCTL32.dll
0x00007fffecc10000 - 0x00007fffecf33000 	C:\windows\System32\combase.dll
0x00007fffeb940000 - 0x00007fffeb9ba000 	C:\windows\System32\bcryptPrimitives.dll
0x00007fffebf50000 - 0x00007fffebf7d000 	C:\windows\System32\IMM32.DLL
0x0000000064df0000 - 0x0000000064ec2000 	C:\Program Files\Android\Android Studio\jre\jre\bin\msvcr100.dll
0x0000000062aa0000 - 0x00000000632e1000 	C:\Program Files\Android\Android Studio\jre\jre\bin\server\jvm.dll
0x00007fffec0b0000 - 0x00007fffec0b8000 	C:\windows\System32\PSAPI.DLL
0x00007fffe9770000 - 0x00007fffe9779000 	C:\windows\SYSTEM32\WSOCK32.dll
0x00007fffe83d0000 - 0x00007fffe83f3000 	C:\windows\SYSTEM32\WINMM.dll
0x00007fffe59f0000 - 0x00007fffe59fa000 	C:\windows\SYSTEM32\VERSION.dll
0x00007fffec1e0000 - 0x00007fffec24c000 	C:\windows\System32\WS2_32.dll
0x00007fffe8320000 - 0x00007fffe834a000 	C:\windows\SYSTEM32\winmmbase.dll
0x00007fffeaec0000 - 0x00007fffeaf09000 	C:\windows\System32\cfgmgr32.dll
0x00007fffe9760000 - 0x00007fffe976f000 	C:\Program Files\Android\Android Studio\jre\jre\bin\verify.dll
0x00007fffe2d90000 - 0x00007fffe2db9000 	C:\Program Files\Android\Android Studio\jre\jre\bin\java.dll
0x00007fffe93f0000 - 0x00007fffe9406000 	C:\Program Files\Android\Android Studio\jre\jre\bin\zip.dll
0x00007fffed480000 - 0x00007fffee8bf000 	C:\windows\System32\SHELL32.dll
0x00007fffed300000 - 0x00007fffed3a9000 	C:\windows\System32\shcore.dll
0x00007fffeb230000 - 0x00007fffeb93d000 	C:\windows\System32\windows.storage.dll
0x00007fffec8c0000 - 0x00007fffec911000 	C:\windows\System32\shlwapi.dll
0x00007fffeac90000 - 0x00007fffeaca1000 	C:\windows\System32\kernel.appcore.dll
0x00007fffeac70000 - 0x00007fffeac8f000 	C:\windows\System32\profapi.dll
0x00007fffeac20000 - 0x00007fffeac6c000 	C:\windows\System32\powrprof.dll
0x00007fffeac10000 - 0x00007fffeac1a000 	C:\windows\System32\FLTLIB.DLL
0x00007fffe4650000 - 0x00007fffe466a000 	C:\Program Files\Android\Android Studio\jre\jre\bin\net.dll
0x00007fffea0d0000 - 0x00007fffea136000 	C:\windows\system32\mswsock.dll
0x00007fffe3320000 - 0x00007fffe3331000 	C:\Program Files\Android\Android Studio\jre\jre\bin\nio.dll
0x00007fffdc7d0000 - 0x00007fffdc7ee000 	C:\Users\Shubhada\.gradle\native\25\windows-amd64\native-platform.dll
0x00007fffe8400000 - 0x00007fffe840d000 	C:\Program Files\Android\Android Studio\jre\jre\bin\management.dll
0x00007fffea930000 - 0x00007fffea947000 	C:\windows\SYSTEM32\CRYPTSP.dll
0x00007fffe9cb0000 - 0x00007fffe9ce3000 	C:\windows\system32\rsaenh.dll
0x00007fffea720000 - 0x00007fffea745000 	C:\windows\SYSTEM32\bcrypt.dll
0x00007fffeab40000 - 0x00007fffeab68000 	C:\windows\SYSTEM32\USERENV.dll
0x00007fffea920000 - 0x00007fffea92b000 	C:\windows\SYSTEM32\CRYPTBASE.dll
0x00007fffe9e50000 - 0x00007fffe9e88000 	C:\windows\SYSTEM32\IPHLPAPI.DLL
0x00007fffecc00000 - 0x00007fffecc08000 	C:\windows\System32\NSI.dll
0x00007fffe1e30000 - 0x00007fffe1e46000 	C:\windows\SYSTEM32\dhcpcsvc6.DLL
0x00007fffe3bd0000 - 0x00007fffe3bea000 	C:\windows\SYSTEM32\dhcpcsvc.DLL
0x00007fffc0a10000 - 0x00007fffc0ba7000 	C:\Program Files\Android\Android Studio\jre\jre\bin\awt.dll
0x00007fffed3b0000 - 0x00007fffed472000 	C:\windows\System32\OLEAUT32.dll
0x00007fffe7650000 - 0x00007fffe7c17000 	C:\windows\SYSTEM32\d2d1.dll
0x00007fffe85b0000 - 0x00007fffe863b000 	C:\windows\SYSTEM32\apphelp.dll
0x00007fffe8c90000 - 0x00007fffe8cb9000 	C:\windows\system32\DWMAPI.DLL
0x00007fffe8950000 - 0x00007fffe89e8000 	C:\windows\system32\uxtheme.dll

VM Arguments:
jvm_args: -Xmx1536m -Dfile.encoding=windows-1252 -Duser.country=US -Duser.language=en -Duser.variant 
java_command: org.gradle.launcher.daemon.bootstrap.GradleDaemon 4.6
java_class_path (initial): C:\Users\Shubhada\.gradle\wrapper\dists\gradle-4.6-all\bcst21l2brirad8k2ben1letg\gradle-4.6\lib\gradle-launcher-4.6.jar
Launcher Type: SUN_STANDARD

Environment Variables:
PATH=C:\Program Files (x86)\Common Files\Oracle\Java\javapath;C:\windows\system32;C:\windows;C:\windows\System32\Wbem;C:\windows\System32\WindowsPowerShell\v1.0\;C:\windows\System32\OpenSSH\;C:\sqlite32;C:\Program Files\Git\cmd;%0java%\bin;C:\Users\Shubhada\AppData\Local\Microsoft\WindowsApps;
USERNAME=Shubhada
OS=Windows_NT
PROCESSOR_IDENTIFIER=AMD64 Family 23 Model 17 Stepping 0, AuthenticAMD



---------------  S Y S T E M  ---------------

OS: Windows 10.0 , 64 bit Build 17134 (10.0.17134.1)

CPU:total 8 (initial active 8) (8 cores per cpu, 1 threads per core) family 23 model 17 stepping 0, cmov, cx8, fxsr, mmx, sse, sse2, sse3, ssse3, sse4.1, sse4.2, popcnt, avx, avx2, aes, clmul, mmxext, 3dnowpref, lzcnt, sse4a, tsc, tscinvbit, tscinv, bmi1

Memory: 4k page, physical 7294768k(258996k free), swap 29314864k(0k free)

vm_info: OpenJDK 64-Bit Server VM (25.152-b06) for windows-amd64 JRE (1.8.0_152-release-1136-b06), built by "builder" with MS VC++ 10.0 (VS2010)

time: Wed Nov 07 12:56:00 2018
elapsed time: 21 seconds (0d 0h 0m 21s)

